#
# There is insufficient memory for the Java Runtime Environment to continue.
# Native memory allocation (mmap) failed to map 54525952 bytes for Failed to commit area from 0x0000000711e00000 to 0x0000000715200000 of length 54525952.
# Possible reasons:
#   The system is out of physical RAM or swap space
#   The process is running with CompressedOops enabled, and the Java Heap may be blocking the growth of the native heap
# Possible solutions:
#   Reduce memory load on the system
#   Increase physical memory or swap space
#   Check if swap backing store is full
#   Decrease Java heap size (-Xmx/-Xms)
#   Decrease number of Java threads
#   Decrease Java thread stack sizes (-Xss)
#   Set larger code cache with -XX:ReservedCodeCacheSize=
#   JVM is running with Zero Based Compressed Oops mode in which the Java heap is
#     placed in the first 32GB address space. The Java Heap base address is the
#     maximum limit for the native heap growth. Please use -XX:HeapBaseMinAddress
#     to set the Java Heap base and to place the Java Heap above 32GB virtual address.
# This output file may be truncated or incomplete.
#
#  Out of Memory Error (./src/hotspot/os/windows/os_windows.cpp:3619), pid=11536, tid=10508
#
# JRE version: OpenJDK Runtime Environment (11.0.13) (build 11.0.13+0-b1751.21-8125866)
# Java VM: OpenJDK 64-Bit Server VM (11.0.13+0-b1751.21-8125866, mixed mode, tiered, compressed oops, g1 gc, windows-amd64)
# No core dump will be written. Minidumps are not enabled by default on client versions of Windows
#

---------------  S U M M A R Y ------------

Command Line: org.jetbrains.kotlin.cli.jvm.K2JVMCompiler @C:\Users\AAA\AndroidStudioProjects\TMDBApp\app\build\20221227_15418005064466957614.compiler.options

Host: Intel(R) Core(TM) i7-8750H CPU @ 2.20GHz, 12 cores, 15G,  Windows 10 , 64 bit Build 19041 (10.0.19041.2364)
Time: Tue Dec 27 00:34:02 2022 Russia TZ 2 Standard Time elapsed time: 3.593395 seconds (0d 0h 0m 3s)

---------------  T H R E A D  ---------------

Current thread (0x00000183fd777000):  VMThread "VM Thread" [stack: 0x0000002f5ac00000,0x0000002f5ad00000] [id=10508]

Stack: [0x0000002f5ac00000,0x0000002f5ad00000]
[error occurred during error reporting (printing stack bounds), id 0xc0000005, EXCEPTION_ACCESS_VIOLATION (0xc0000005) at pc=0x00000183e14a112d]

Native frames: (J=compiled Java code, j=interpreted, Vv=VM code, C=native code)
V  [jvm.dll+0x6100fa]
V  [jvm.dll+0x747090]
V  [jvm.dll+0x7486ad]
V  [jvm.dll+0x748ce5]
V  [jvm.dll+0x748c9b]
V  [jvm.dll+0x60f224]
V  [jvm.dll+0x60f9b8]
C  [ntdll.dll+0xa241f]
C  [ntdll.dll+0x514a4]
C  [ntdll.dll+0xa0f4e]
C  0x00000183e14a112d

VM_Operation (0x0000002f5a6f9550): G1CollectForAllocation, mode: safepoint, requested by thread 0x00000183dd98d800


---------------  P R O C E S S  ---------------

Threads class SMR info:
_java_thread_list=0x00000183fd933750, length=12, elements={
0x00000183dd98d800, 0x00000183fcece000, 0x00000183fcec0000, 0x00000183fd7cb800,
0x00000183fd7cc800, 0x00000183fd7cd800, 0x00000183fd7d4000, 0x00000183fd7d5000,
0x00000183fd7d6000, 0x00000183fd938800, 0x00000183fd963800, 0x00000183fd967000
}

Java Threads: ( => current thread )
  0x00000183dd98d800 JavaThread "main" [_thread_blocked, id=1540, stack(0x0000002f5a600000,0x0000002f5a700000)]
  0x00000183fcece000 JavaThread "Reference Handler" daemon [_thread_blocked, id=10124, stack(0x0000002f5ad00000,0x0000002f5ae00000)]
  0x00000183fcec0000 JavaThread "Finalizer" daemon [_thread_blocked, id=14916, stack(0x0000002f5ae00000,0x0000002f5af00000)]
  0x00000183fd7cb800 JavaThread "Signal Dispatcher" daemon [_thread_blocked, id=9112, stack(0x0000002f5af00000,0x0000002f5b000000)]
  0x00000183fd7cc800 JavaThread "Attach Listener" daemon [_thread_blocked, id=12164, stack(0x0000002f5b000000,0x0000002f5b100000)]
  0x00000183fd7cd800 JavaThread "Service Thread" daemon [_thread_blocked, id=3048, stack(0x0000002f5b100000,0x0000002f5b200000)]
  0x00000183fd7d4000 JavaThread "C2 CompilerThread0" daemon [_thread_blocked, id=15316, stack(0x0000002f5b200000,0x0000002f5b300000)]
  0x00000183fd7d5000 JavaThread "C1 CompilerThread0" daemon [_thread_blocked, id=4548, stack(0x0000002f5b300000,0x0000002f5b400000)]
  0x00000183fd7d6000 JavaThread "Sweeper thread" daemon [_thread_blocked, id=17936, stack(0x0000002f5b400000,0x0000002f5b500000)]
  0x00000183fd938800 JavaThread "Common-Cleaner" daemon [_thread_blocked, id=18228, stack(0x0000002f5b600000,0x0000002f5b700000)]
  0x00000183fd963800 JavaThread "C2 CompilerThread1" daemon [_thread_blocked, id=9472, stack(0x0000002f5b700000,0x0000002f5b800000)]
  0x00000183fd967000 JavaThread "C2 CompilerThread2" daemon [_thread_in_native, id=7984, stack(0x0000002f5b800000,0x0000002f5b900000)]

Other Threads:
=>0x00000183fd777000 VMThread "VM Thread" [stack: 0x0000002f5ac00000,0x0000002f5ad00000] [id=10508]
  0x00000183fd934000 WatcherThread [stack: 0x0000002f5b500000,0x0000002f5b600000] [id=3728]
  0x00000183dd9a7800 GCTaskThread "GC Thread#0" [stack: 0x0000002f5a700000,0x0000002f5a800000] [id=16732]
  0x00000183fe280000 GCTaskThread "GC Thread#1" [stack: 0x0000002f5b900000,0x0000002f5ba00000] [id=17196]
  0x00000183fe280800 GCTaskThread "GC Thread#2" [stack: 0x0000002f5ba00000,0x0000002f5bb00000] [id=15292]
  0x00000183fe228000 GCTaskThread "GC Thread#3" [stack: 0x0000002f5bb00000,0x0000002f5bc00000] [id=17208]
  0x00000183fe228800 GCTaskThread "GC Thread#4" [stack: 0x0000002f5bc00000,0x0000002f5bd00000] [id=3540]
  0x00000183fe13a800 GCTaskThread "GC Thread#5" [stack: 0x0000002f5bd00000,0x0000002f5be00000] [id=1704]
  0x00000183dda03800 ConcurrentGCThread "G1 Main Marker" [stack: 0x0000002f5a800000,0x0000002f5a900000] [id=5880]
  0x00000183dda05800 ConcurrentGCThread "G1 Conc#0" [stack: 0x0000002f5a900000,0x0000002f5aa00000] [id=4124]
  0x00000183fe3b1800 ConcurrentGCThread "G1 Conc#1" [stack: 0x0000002f5be00000,0x0000002f5bf00000] [id=18136]
  0x00000183fe9b8000 ConcurrentGCThread "G1 Conc#2" [stack: 0x0000002f5bf00000,0x0000002f5c000000] [id=12760]
  0x00000183fcda7000 ConcurrentGCThread "G1 Refine#0" [stack: 0x0000002f5aa00000,0x0000002f5ab00000] [id=15528]
  0x00000183ff18a800 ConcurrentGCThread "G1 Refine#1" [stack: 0x0000002f5c000000,0x0000002f5c100000] [id=9996]
  0x00000183814c5000 ConcurrentGCThread "G1 Refine#2" [stack: 0x0000002f5c100000,0x0000002f5c200000] [id=17000]
  0x00000183fcda8000 ConcurrentGCThread "G1 Young RemSet Sampling" [stack: 0x0000002f5ab00000,0x0000002f5ac00000] [id=2044]

Threads with active compile tasks:
C2 CompilerThread0   3601 4858       4       org.jetbrains.kotlin.metadata.ProtoBuf$Function::getSerializedSize (512 bytes)
C1 CompilerThread0   3601 4885       3       org.jetbrains.kotlin.load.java.lazy.descriptors.LazyJavaClassMemberScope::isVisibleAsFunctionInCurrentClass (270 bytes)
C2 CompilerThread1   3601 4831       4       java.security.SecureClassLoader::defineClass (16 bytes)
C2 CompilerThread2   3601 4469       4       jdk.internal.loader.BuiltinClassLoader::defineClass (121 bytes)

VM state:at safepoint (normal execution)

VM Mutex/Monitor currently owned by a thread:  ([mutex/lock_event])
[0x00000183dd9883f0] Threads_lock - owner thread: 0x00000183fd777000
[0x00000183dd988fc0] Heap_lock - owner thread: 0x00000183dd98d800

Heap address: 0x0000000701e00000, size: 4066 MB, Compressed Oops mode: Zero based, Oop shift amount: 3
Narrow klass base: 0x0000000800000000, Narrow klass shift: 0
Compressed class space size: 1073741824 Address: 0x0000000800000000

Heap:
 garbage-first heap   total 315392K, used 37636K [0x0000000701e00000, 0x0000000800000000)
  region size 1024K, 13 young (13312K), 13 survivors (13312K)
 Metaspace       used 56377K, capacity 57057K, committed 57392K, reserved 1099776K
  class space    used 6555K, capacity 6858K, committed 6960K, reserved 1048576K
Heap Regions: E=young(eden), S=young(survivor), O=old, HS=humongous(starts), HC=humongous(continues), CS=collection set, F=free, A=archive, TAMS=top-at-mark-start (previous, next)
|   0|0x0000000701e00000, 0x0000000701f00000, 0x0000000701f00000|100%|HS|  |TAMS 0x0000000701f00000, 0x0000000701e00000| Complete 
|   1|0x0000000701f00000, 0x0000000702000000, 0x0000000702000000|100%|HC|  |TAMS 0x0000000702000000, 0x0000000701f00000| Complete 
|   2|0x0000000702000000, 0x0000000702100000, 0x0000000702100000|100%|HC|  |TAMS 0x0000000702100000, 0x0000000702000000| Complete 
|   3|0x0000000702100000, 0x0000000702200000, 0x0000000702200000|100%| O|  |TAMS 0x0000000702200000, 0x0000000702100000| Untracked 
|   4|0x0000000702200000, 0x0000000702300000, 0x0000000702300000|100%| O|  |TAMS 0x0000000702300000, 0x0000000702200000| Untracked 
|   5|0x0000000702300000, 0x0000000702400000, 0x0000000702400000|100%|HS|  |TAMS 0x0000000702400000, 0x0000000702300000| Complete 
|   6|0x0000000702400000, 0x0000000702500000, 0x0000000702500000|100%|HC|  |TAMS 0x0000000702500000, 0x0000000702400000| Complete 
|   7|0x0000000702500000, 0x0000000702600000, 0x0000000702600000|100%|HC|  |TAMS 0x0000000702600000, 0x0000000702500000| Complete 
|   8|0x0000000702600000, 0x0000000702700000, 0x0000000702700000|100%|HS|  |TAMS 0x0000000702600000, 0x0000000702600000| Complete 
|   9|0x0000000702700000, 0x0000000702800000, 0x0000000702800000|100%|HC|  |TAMS 0x0000000702700000, 0x0000000702700000| Complete 
|  10|0x0000000702800000, 0x0000000702900000, 0x0000000702900000|100%| O|  |TAMS 0x0000000702900000, 0x0000000702800000| Untracked 
|  11|0x0000000702900000, 0x0000000702a00000, 0x0000000702a00000|100%| O|  |TAMS 0x0000000702a00000, 0x0000000702900000| Untracked 
|  12|0x0000000702a00000, 0x0000000702b00000, 0x0000000702b00000|100%| O|  |TAMS 0x0000000702b00000, 0x0000000702a00000| Untracked 
|  13|0x0000000702b00000, 0x0000000702c00000, 0x0000000702c00000|100%| O|  |TAMS 0x0000000702c00000, 0x0000000702b00000| Untracked 
|  14|0x0000000702c00000, 0x0000000702d00000, 0x0000000702d00000|100%| O|  |TAMS 0x0000000702d00000, 0x0000000702c00000| Untracked 
|  15|0x0000000702d00000, 0x0000000702e00000, 0x0000000702e00000|100%| O|  |TAMS 0x0000000702e00000, 0x0000000702d00000| Untracked 
|  16|0x0000000702e00000, 0x0000000702f00000, 0x0000000702f00000|100%| O|  |TAMS 0x0000000702eab200, 0x0000000702e00000| Untracked 
|  17|0x0000000702f00000, 0x0000000703000000, 0x0000000703000000|100%| O|  |TAMS 0x0000000702f00000, 0x0000000702f00000| Untracked 
|  18|0x0000000703000000, 0x0000000703100000, 0x0000000703100000|100%| O|  |TAMS 0x0000000703000000, 0x0000000703000000| Untracked 
|  19|0x0000000703100000, 0x0000000703200000, 0x0000000703200000|100%| O|  |TAMS 0x0000000703100000, 0x0000000703100000| Untracked 
|  20|0x0000000703200000, 0x0000000703300000, 0x0000000703300000|100%| O|  |TAMS 0x0000000703200000, 0x0000000703200000| Untracked 
|  21|0x0000000703300000, 0x0000000703400000, 0x0000000703400000|100%| O|  |TAMS 0x0000000703300000, 0x0000000703300000| Untracked 
|  22|0x0000000703400000, 0x0000000703400000, 0x0000000703500000|  0%| F|  |TAMS 0x0000000703400000, 0x0000000703400000| Untracked 
|  23|0x0000000703500000, 0x0000000703600000, 0x0000000703600000|100%| O|  |TAMS 0x0000000703500000, 0x0000000703500000| Untracked 
|  24|0x0000000703600000, 0x00000007036c1000, 0x0000000703700000| 75%| O|  |TAMS 0x0000000703600000, 0x0000000703600000| Untracked 
|  25|0x0000000703700000, 0x0000000703700000, 0x0000000703800000|  0%| F|  |TAMS 0x0000000703700000, 0x0000000703700000| Untracked 
|  26|0x0000000703800000, 0x0000000703800000, 0x0000000703900000|  0%| F|  |TAMS 0x0000000703800000, 0x0000000703800000| Untracked 
|  27|0x0000000703900000, 0x0000000703900000, 0x0000000703a00000|  0%| F|  |TAMS 0x0000000703900000, 0x0000000703900000| Untracked 
|  28|0x0000000703a00000, 0x0000000703a00000, 0x0000000703b00000|  0%| F|  |TAMS 0x0000000703a00000, 0x0000000703a00000| Untracked 
|  29|0x0000000703b00000, 0x0000000703b00000, 0x0000000703c00000|  0%| F|  |TAMS 0x0000000703b00000, 0x0000000703b00000| Untracked 
|  30|0x0000000703c00000, 0x0000000703c00000, 0x0000000703d00000|  0%| F|  |TAMS 0x0000000703c00000, 0x0000000703c00000| Untracked 
|  31|0x0000000703d00000, 0x0000000703d00000, 0x0000000703e00000|  0%| F|  |TAMS 0x0000000703d00000, 0x0000000703d00000| Untracked 
|  32|0x0000000703e00000, 0x0000000703e00000, 0x0000000703f00000|  0%| F|  |TAMS 0x0000000703e00000, 0x0000000703e00000| Untracked 
|  33|0x0000000703f00000, 0x0000000703f00000, 0x0000000704000000|  0%| F|  |TAMS 0x0000000703f00000, 0x0000000703f00000| Untracked 
|  34|0x0000000704000000, 0x0000000704000000, 0x0000000704100000|  0%| F|  |TAMS 0x0000000704000000, 0x0000000704000000| Untracked 
|  35|0x0000000704100000, 0x0000000704100000, 0x0000000704200000|  0%| F|  |TAMS 0x0000000704100000, 0x0000000704100000| Untracked 
|  36|0x0000000704200000, 0x0000000704200000, 0x0000000704300000|  0%| F|  |TAMS 0x0000000704200000, 0x0000000704200000| Untracked 
|  37|0x0000000704300000, 0x0000000704300000, 0x0000000704400000|  0%| F|  |TAMS 0x0000000704300000, 0x0000000704300000| Untracked 
|  38|0x0000000704400000, 0x0000000704400000, 0x0000000704500000|  0%| F|  |TAMS 0x0000000704400000, 0x0000000704400000| Untracked 
|  39|0x0000000704500000, 0x0000000704500000, 0x0000000704600000|  0%| F|  |TAMS 0x0000000704500000, 0x0000000704500000| Untracked 
|  40|0x0000000704600000, 0x0000000704600000, 0x0000000704700000|  0%| F|  |TAMS 0x0000000704600000, 0x0000000704600000| Untracked 
|  41|0x0000000704700000, 0x0000000704700000, 0x0000000704800000|  0%| F|  |TAMS 0x0000000704700000, 0x0000000704700000| Untracked 
|  42|0x0000000704800000, 0x0000000704800000, 0x0000000704900000|  0%| F|  |TAMS 0x0000000704800000, 0x0000000704800000| Untracked 
|  43|0x0000000704900000, 0x0000000704900000, 0x0000000704a00000|  0%| F|  |TAMS 0x0000000704900000, 0x0000000704900000| Untracked 
|  44|0x0000000704a00000, 0x0000000704a00000, 0x0000000704b00000|  0%| F|  |TAMS 0x0000000704a00000, 0x0000000704a00000| Untracked 
|  45|0x0000000704b00000, 0x0000000704b00000, 0x0000000704c00000|  0%| F|  |TAMS 0x0000000704b00000, 0x0000000704b00000| Untracked 
|  46|0x0000000704c00000, 0x0000000704c00000, 0x0000000704d00000|  0%| F|  |TAMS 0x0000000704c00000, 0x0000000704c00000| Untracked 
|  47|0x0000000704d00000, 0x0000000704d00000, 0x0000000704e00000|  0%| F|  |TAMS 0x0000000704d00000, 0x0000000704d00000| Untracked 
|  48|0x0000000704e00000, 0x0000000704e00000, 0x0000000704f00000|  0%| F|  |TAMS 0x0000000704e00000, 0x0000000704e00000| Untracked 
|  49|0x0000000704f00000, 0x0000000704f00000, 0x0000000705000000|  0%| F|  |TAMS 0x0000000704f00000, 0x0000000704f00000| Untracked 
|  50|0x0000000705000000, 0x0000000705000000, 0x0000000705100000|  0%| F|  |TAMS 0x0000000705000000, 0x0000000705000000| Untracked 
|  51|0x0000000705100000, 0x0000000705100000, 0x0000000705200000|  0%| F|  |TAMS 0x0000000705100000, 0x0000000705100000| Untracked 
|  52|0x0000000705200000, 0x0000000705200000, 0x0000000705300000|  0%| F|  |TAMS 0x0000000705200000, 0x0000000705200000| Untracked 
|  53|0x0000000705300000, 0x0000000705300000, 0x0000000705400000|  0%| F|  |TAMS 0x0000000705300000, 0x0000000705300000| Untracked 
|  54|0x0000000705400000, 0x0000000705400000, 0x0000000705500000|  0%| F|  |TAMS 0x0000000705400000, 0x0000000705400000| Untracked 
|  55|0x0000000705500000, 0x0000000705500000, 0x0000000705600000|  0%| F|  |TAMS 0x0000000705500000, 0x0000000705500000| Untracked 
|  56|0x0000000705600000, 0x0000000705600000, 0x0000000705700000|  0%| F|  |TAMS 0x0000000705600000, 0x0000000705600000| Untracked 
|  57|0x0000000705700000, 0x0000000705700000, 0x0000000705800000|  0%| F|  |TAMS 0x0000000705700000, 0x0000000705700000| Untracked 
|  58|0x0000000705800000, 0x0000000705800000, 0x0000000705900000|  0%| F|  |TAMS 0x0000000705800000, 0x0000000705800000| Untracked 
|  59|0x0000000705900000, 0x0000000705900000, 0x0000000705a00000|  0%| F|  |TAMS 0x0000000705900000, 0x0000000705900000| Untracked 
|  60|0x0000000705a00000, 0x0000000705a00000, 0x0000000705b00000|  0%| F|  |TAMS 0x0000000705a00000, 0x0000000705a00000| Untracked 
|  61|0x0000000705b00000, 0x0000000705b00000, 0x0000000705c00000|  0%| F|  |TAMS 0x0000000705b00000, 0x0000000705b00000| Untracked 
|  62|0x0000000705c00000, 0x0000000705c00000, 0x0000000705d00000|  0%| F|  |TAMS 0x0000000705c00000, 0x0000000705c00000| Untracked 
|  63|0x0000000705d00000, 0x0000000705d00000, 0x0000000705e00000|  0%| F|  |TAMS 0x0000000705d00000, 0x0000000705d00000| Untracked 
|  64|0x0000000705e00000, 0x0000000705e00000, 0x0000000705f00000|  0%| F|  |TAMS 0x0000000705e00000, 0x0000000705e00000| Untracked 
|  65|0x0000000705f00000, 0x0000000705f00000, 0x0000000706000000|  0%| F|  |TAMS 0x0000000705f00000, 0x0000000705f00000| Untracked 
|  66|0x0000000706000000, 0x0000000706000000, 0x0000000706100000|  0%| F|  |TAMS 0x0000000706000000, 0x0000000706000000| Untracked 
|  67|0x0000000706100000, 0x0000000706100000, 0x0000000706200000|  0%| F|  |TAMS 0x0000000706100000, 0x0000000706100000| Untracked 
|  68|0x0000000706200000, 0x0000000706200000, 0x0000000706300000|  0%| F|  |TAMS 0x0000000706200000, 0x0000000706200000| Untracked 
|  69|0x0000000706300000, 0x0000000706300000, 0x0000000706400000|  0%| F|  |TAMS 0x0000000706300000, 0x0000000706300000| Untracked 
|  70|0x0000000706400000, 0x0000000706400000, 0x0000000706500000|  0%| F|  |TAMS 0x0000000706400000, 0x0000000706400000| Untracked 
|  71|0x0000000706500000, 0x0000000706500000, 0x0000000706600000|  0%| F|  |TAMS 0x0000000706500000, 0x0000000706500000| Untracked 
|  72|0x0000000706600000, 0x0000000706600000, 0x0000000706700000|  0%| F|  |TAMS 0x0000000706600000, 0x0000000706600000| Untracked 
|  73|0x0000000706700000, 0x0000000706700000, 0x0000000706800000|  0%| F|  |TAMS 0x0000000706700000, 0x0000000706700000| Untracked 
|  74|0x0000000706800000, 0x0000000706800000, 0x0000000706900000|  0%| F|  |TAMS 0x0000000706800000, 0x0000000706800000| Untracked 
|  75|0x0000000706900000, 0x0000000706900000, 0x0000000706a00000|  0%| F|  |TAMS 0x0000000706900000, 0x0000000706900000| Untracked 
|  76|0x0000000706a00000, 0x0000000706a00000, 0x0000000706b00000|  0%| F|  |TAMS 0x0000000706a00000, 0x0000000706a00000| Untracked 
|  77|0x0000000706b00000, 0x0000000706b00000, 0x0000000706c00000|  0%| F|  |TAMS 0x0000000706b00000, 0x0000000706b00000| Untracked 
|  78|0x0000000706c00000, 0x0000000706c00000, 0x0000000706d00000|  0%| F|  |TAMS 0x0000000706c00000, 0x0000000706c00000| Untracked 
|  79|0x0000000706d00000, 0x0000000706d00000, 0x0000000706e00000|  0%| F|  |TAMS 0x0000000706d00000, 0x0000000706d00000| Untracked 
|  80|0x0000000706e00000, 0x0000000706e00000, 0x0000000706f00000|  0%| F|  |TAMS 0x0000000706e00000, 0x0000000706e00000| Untracked 
|  81|0x0000000706f00000, 0x0000000706f00000, 0x0000000707000000|  0%| F|  |TAMS 0x0000000706f00000, 0x0000000706f00000| Untracked 
|  82|0x0000000707000000, 0x0000000707000000, 0x0000000707100000|  0%| F|  |TAMS 0x0000000707000000, 0x0000000707000000| Untracked 
|  83|0x0000000707100000, 0x0000000707100000, 0x0000000707200000|  0%| F|  |TAMS 0x0000000707100000, 0x0000000707100000| Untracked 
|  84|0x0000000707200000, 0x0000000707200000, 0x0000000707300000|  0%| F|  |TAMS 0x0000000707200000, 0x0000000707200000| Untracked 
|  85|0x0000000707300000, 0x0000000707300000, 0x0000000707400000|  0%| F|  |TAMS 0x0000000707300000, 0x0000000707300000| Untracked 
|  86|0x0000000707400000, 0x0000000707400000, 0x0000000707500000|  0%| F|  |TAMS 0x0000000707400000, 0x0000000707400000| Untracked 
|  87|0x0000000707500000, 0x0000000707500000, 0x0000000707600000|  0%| F|  |TAMS 0x0000000707500000, 0x0000000707500000| Untracked 
|  88|0x0000000707600000, 0x0000000707600000, 0x0000000707700000|  0%| F|  |TAMS 0x0000000707600000, 0x0000000707600000| Untracked 
|  89|0x0000000707700000, 0x0000000707700000, 0x0000000707800000|  0%| F|  |TAMS 0x0000000707700000, 0x0000000707700000| Untracked 
|  90|0x0000000707800000, 0x0000000707800000, 0x0000000707900000|  0%| F|  |TAMS 0x0000000707800000, 0x0000000707800000| Untracked 
|  91|0x0000000707900000, 0x0000000707900000, 0x0000000707a00000|  0%| F|  |TAMS 0x0000000707900000, 0x0000000707900000| Untracked 
|  92|0x0000000707a00000, 0x0000000707a00000, 0x0000000707b00000|  0%| F|  |TAMS 0x0000000707a00000, 0x0000000707a00000| Untracked 
|  93|0x0000000707b00000, 0x0000000707b00000, 0x0000000707c00000|  0%| F|  |TAMS 0x0000000707b00000, 0x0000000707b00000| Untracked 
|  94|0x0000000707c00000, 0x0000000707c00000, 0x0000000707d00000|  0%| F|  |TAMS 0x0000000707c00000, 0x0000000707c00000| Untracked 
|  95|0x0000000707d00000, 0x0000000707d00000, 0x0000000707e00000|  0%| F|  |TAMS 0x0000000707d00000, 0x0000000707d00000| Untracked 
|  96|0x0000000707e00000, 0x0000000707e00000, 0x0000000707f00000|  0%| F|  |TAMS 0x0000000707e00000, 0x0000000707e00000| Untracked 
|  97|0x0000000707f00000, 0x0000000707f00000, 0x0000000708000000|  0%| F|  |TAMS 0x0000000707f00000, 0x0000000707f00000| Untracked 
|  98|0x0000000708000000, 0x0000000708000000, 0x0000000708100000|  0%| F|  |TAMS 0x0000000708000000, 0x0000000708000000| Untracked 
|  99|0x0000000708100000, 0x0000000708100000, 0x0000000708200000|  0%| F|  |TAMS 0x0000000708100000, 0x0000000708100000| Untracked 
| 100|0x0000000708200000, 0x0000000708200000, 0x0000000708300000|  0%| F|  |TAMS 0x0000000708200000, 0x0000000708200000| Untracked 
| 101|0x0000000708300000, 0x0000000708300000, 0x0000000708400000|  0%| F|  |TAMS 0x0000000708300000, 0x0000000708300000| Untracked 
| 102|0x0000000708400000, 0x0000000708400000, 0x0000000708500000|  0%| F|  |TAMS 0x0000000708400000, 0x0000000708400000| Untracked 
| 103|0x0000000708500000, 0x0000000708500000, 0x0000000708600000|  0%| F|  |TAMS 0x0000000708500000, 0x0000000708500000| Untracked 
| 104|0x0000000708600000, 0x0000000708600000, 0x0000000708700000|  0%| F|  |TAMS 0x0000000708600000, 0x0000000708600000| Untracked 
| 105|0x0000000708700000, 0x0000000708700000, 0x0000000708800000|  0%| F|  |TAMS 0x0000000708700000, 0x0000000708700000| Untracked 
| 106|0x0000000708800000, 0x0000000708800000, 0x0000000708900000|  0%| F|  |TAMS 0x0000000708800000, 0x0000000708800000| Untracked 
| 107|0x0000000708900000, 0x0000000708900000, 0x0000000708a00000|  0%| F|  |TAMS 0x0000000708900000, 0x0000000708900000| Untracked 
| 108|0x0000000708a00000, 0x0000000708a00000, 0x0000000708b00000|  0%| F|  |TAMS 0x0000000708a00000, 0x0000000708a00000| Untracked 
| 109|0x0000000708b00000, 0x0000000708b00000, 0x0000000708c00000|  0%| F|  |TAMS 0x0000000708b00000, 0x0000000708b00000| Untracked 
| 110|0x0000000708c00000, 0x0000000708c00000, 0x0000000708d00000|  0%| F|  |TAMS 0x0000000708c00000, 0x0000000708c00000| Untracked 
| 111|0x0000000708d00000, 0x0000000708d00000, 0x0000000708e00000|  0%| F|  |TAMS 0x0000000708d00000, 0x0000000708d00000| Untracked 
| 112|0x0000000708e00000, 0x0000000708e00000, 0x0000000708f00000|  0%| F|  |TAMS 0x0000000708e00000, 0x0000000708e00000| Untracked 
| 113|0x0000000708f00000, 0x0000000708f00000, 0x0000000709000000|  0%| F|  |TAMS 0x0000000708f00000, 0x0000000708f00000| Untracked 
| 114|0x0000000709000000, 0x0000000709000000, 0x0000000709100000|  0%| F|  |TAMS 0x0000000709000000, 0x0000000709000000| Untracked 
| 115|0x0000000709100000, 0x0000000709100000, 0x0000000709200000|  0%| F|  |TAMS 0x0000000709100000, 0x0000000709100000| Untracked 
| 116|0x0000000709200000, 0x0000000709200000, 0x0000000709300000|  0%| F|  |TAMS 0x0000000709200000, 0x0000000709200000| Untracked 
| 117|0x0000000709300000, 0x0000000709300000, 0x0000000709400000|  0%| F|  |TAMS 0x0000000709300000, 0x0000000709300000| Untracked 
| 118|0x0000000709400000, 0x0000000709400000, 0x0000000709500000|  0%| F|  |TAMS 0x0000000709400000, 0x0000000709400000| Untracked 
| 119|0x0000000709500000, 0x0000000709500000, 0x0000000709600000|  0%| F|  |TAMS 0x0000000709500000, 0x0000000709500000| Untracked 
| 120|0x0000000709600000, 0x0000000709600000, 0x0000000709700000|  0%| F|  |TAMS 0x0000000709600000, 0x0000000709600000| Untracked 
| 121|0x0000000709700000, 0x0000000709700000, 0x0000000709800000|  0%| F|  |TAMS 0x0000000709700000, 0x0000000709700000| Untracked 
| 122|0x0000000709800000, 0x0000000709800000, 0x0000000709900000|  0%| F|  |TAMS 0x0000000709800000, 0x0000000709800000| Untracked 
| 123|0x0000000709900000, 0x0000000709900000, 0x0000000709a00000|  0%| F|  |TAMS 0x0000000709900000, 0x0000000709900000| Untracked 
| 124|0x0000000709a00000, 0x0000000709a00000, 0x0000000709b00000|  0%| F|  |TAMS 0x0000000709a00000, 0x0000000709a00000| Untracked 
| 125|0x0000000709b00000, 0x0000000709b00000, 0x0000000709c00000|  0%| F|  |TAMS 0x0000000709b00000, 0x0000000709b00000| Untracked 
| 126|0x0000000709c00000, 0x0000000709c00000, 0x0000000709d00000|  0%| F|  |TAMS 0x0000000709c00000, 0x0000000709c00000| Untracked 
| 127|0x0000000709d00000, 0x0000000709d00000, 0x0000000709e00000|  0%| F|  |TAMS 0x0000000709d00000, 0x0000000709d00000| Untracked 
| 128|0x0000000709e00000, 0x0000000709e00000, 0x0000000709f00000|  0%| F|  |TAMS 0x0000000709e00000, 0x0000000709e00000| Untracked 
| 129|0x0000000709f00000, 0x0000000709f00000, 0x000000070a000000|  0%| F|  |TAMS 0x0000000709f00000, 0x0000000709f00000| Untracked 
| 130|0x000000070a000000, 0x000000070a000000, 0x000000070a100000|  0%| F|  |TAMS 0x000000070a000000, 0x000000070a000000| Untracked 
| 131|0x000000070a100000, 0x000000070a100000, 0x000000070a200000|  0%| F|  |TAMS 0x000000070a100000, 0x000000070a100000| Untracked 
| 132|0x000000070a200000, 0x000000070a200000, 0x000000070a300000|  0%| F|  |TAMS 0x000000070a200000, 0x000000070a200000| Untracked 
| 133|0x000000070a300000, 0x000000070a300000, 0x000000070a400000|  0%| F|  |TAMS 0x000000070a300000, 0x000000070a300000| Untracked 
| 134|0x000000070a400000, 0x000000070a400000, 0x000000070a500000|  0%| F|  |TAMS 0x000000070a400000, 0x000000070a400000| Untracked 
| 135|0x000000070a500000, 0x000000070a500000, 0x000000070a600000|  0%| F|  |TAMS 0x000000070a500000, 0x000000070a500000| Untracked 
| 136|0x000000070a600000, 0x000000070a600000, 0x000000070a700000|  0%| F|  |TAMS 0x000000070a600000, 0x000000070a600000| Untracked 
| 137|0x000000070a700000, 0x000000070a700000, 0x000000070a800000|  0%| F|  |TAMS 0x000000070a700000, 0x000000070a700000| Untracked 
| 138|0x000000070a800000, 0x000000070a800000, 0x000000070a900000|  0%| F|  |TAMS 0x000000070a800000, 0x000000070a800000| Untracked 
| 139|0x000000070a900000, 0x000000070a900000, 0x000000070aa00000|  0%| F|  |TAMS 0x000000070a900000, 0x000000070a900000| Untracked 
| 140|0x000000070aa00000, 0x000000070aa00000, 0x000000070ab00000|  0%| F|  |TAMS 0x000000070aa00000, 0x000000070aa00000| Untracked 
| 141|0x000000070ab00000, 0x000000070ab00000, 0x000000070ac00000|  0%| F|  |TAMS 0x000000070ab00000, 0x000000070ab00000| Untracked 
| 142|0x000000070ac00000, 0x000000070ac00000, 0x000000070ad00000|  0%| F|  |TAMS 0x000000070ac00000, 0x000000070ac00000| Untracked 
| 143|0x000000070ad00000, 0x000000070ad00000, 0x000000070ae00000|  0%| F|  |TAMS 0x000000070ad00000, 0x000000070ad00000| Untracked 
| 144|0x000000070ae00000, 0x000000070ae00000, 0x000000070af00000|  0%| F|  |TAMS 0x000000070ae00000, 0x000000070ae00000| Untracked 
| 145|0x000000070af00000, 0x000000070af00000, 0x000000070b000000|  0%| F|  |TAMS 0x000000070af00000, 0x000000070af00000| Untracked 
| 146|0x000000070b000000, 0x000000070b100000, 0x000000070b100000|100%| S|CS|TAMS 0x000000070b000000, 0x000000070b000000| Complete 
| 147|0x000000070b100000, 0x000000070b200000, 0x000000070b200000|100%| S|CS|TAMS 0x000000070b100000, 0x000000070b100000| Complete 
| 148|0x000000070b200000, 0x000000070b300000, 0x000000070b300000|100%| S|CS|TAMS 0x000000070b200000, 0x000000070b200000| Complete 
| 149|0x000000070b300000, 0x000000070b400000, 0x000000070b400000|100%| S|CS|TAMS 0x000000070b300000, 0x000000070b300000| Complete 
| 150|0x000000070b400000, 0x000000070b500000, 0x000000070b500000|100%| S|CS|TAMS 0x000000070b400000, 0x000000070b400000| Complete 
| 151|0x000000070b500000, 0x000000070b600000, 0x000000070b600000|100%| S|CS|TAMS 0x000000070b500000, 0x000000070b500000| Complete 
| 152|0x000000070b600000, 0x000000070b700000, 0x000000070b700000|100%| S|CS|TAMS 0x000000070b600000, 0x000000070b600000| Complete 
| 153|0x000000070b700000, 0x000000070b800000, 0x000000070b800000|100%| S|CS|TAMS 0x000000070b700000, 0x000000070b700000| Complete 
| 154|0x000000070b800000, 0x000000070b900000, 0x000000070b900000|100%| S|CS|TAMS 0x000000070b800000, 0x000000070b800000| Complete 
| 155|0x000000070b900000, 0x000000070ba00000, 0x000000070ba00000|100%| S|CS|TAMS 0x000000070b900000, 0x000000070b900000| Complete 
| 156|0x000000070ba00000, 0x000000070bb00000, 0x000000070bb00000|100%| S|CS|TAMS 0x000000070ba00000, 0x000000070ba00000| Complete 
| 157|0x000000070bb00000, 0x000000070bc00000, 0x000000070bc00000|100%| S|CS|TAMS 0x000000070bb00000, 0x000000070bb00000| Complete 
| 158|0x000000070bc00000, 0x000000070bd00000, 0x000000070bd00000|100%| S|CS|TAMS 0x000000070bc00000, 0x000000070bc00000| Complete 
| 159|0x000000070bd00000, 0x000000070bd00000, 0x000000070be00000|  0%| F|  |TAMS 0x000000070bd00000, 0x000000070bd00000| Untracked 
| 160|0x000000070be00000, 0x000000070be00000, 0x000000070bf00000|  0%| F|  |TAMS 0x000000070be00000, 0x000000070be00000| Untracked 
| 161|0x000000070bf00000, 0x000000070bf00000, 0x000000070c000000|  0%| F|  |TAMS 0x000000070bf00000, 0x000000070bf00000| Untracked 
| 162|0x000000070c000000, 0x000000070c000000, 0x000000070c100000|  0%| F|  |TAMS 0x000000070c000000, 0x000000070c000000| Untracked 
| 163|0x000000070c100000, 0x000000070c100000, 0x000000070c200000|  0%| F|  |TAMS 0x000000070c100000, 0x000000070c100000| Untracked 
| 164|0x000000070c200000, 0x000000070c200000, 0x000000070c300000|  0%| F|  |TAMS 0x000000070c200000, 0x000000070c200000| Untracked 
| 165|0x000000070c300000, 0x000000070c300000, 0x000000070c400000|  0%| F|  |TAMS 0x000000070c300000, 0x000000070c300000| Untracked 
| 166|0x000000070c400000, 0x000000070c400000, 0x000000070c500000|  0%| F|  |TAMS 0x000000070c400000, 0x000000070c400000| Untracked 
| 167|0x000000070c500000, 0x000000070c500000, 0x000000070c600000|  0%| F|  |TAMS 0x000000070c500000, 0x000000070c500000| Untracked 
| 168|0x000000070c600000, 0x000000070c600000, 0x000000070c700000|  0%| F|  |TAMS 0x000000070c600000, 0x000000070c600000| Untracked 
| 169|0x000000070c700000, 0x000000070c700000, 0x000000070c800000|  0%| F|  |TAMS 0x000000070c700000, 0x000000070c700000| Untracked 
| 170|0x000000070c800000, 0x000000070c800000, 0x000000070c900000|  0%| F|  |TAMS 0x000000070c800000, 0x000000070c800000| Untracked 
| 171|0x000000070c900000, 0x000000070c900000, 0x000000070ca00000|  0%| F|  |TAMS 0x000000070c900000, 0x000000070c900000| Untracked 
| 172|0x000000070ca00000, 0x000000070ca00000, 0x000000070cb00000|  0%| F|  |TAMS 0x000000070ca00000, 0x000000070ca00000| Untracked 
| 173|0x000000070cb00000, 0x000000070cb00000, 0x000000070cc00000|  0%| F|  |TAMS 0x000000070cb00000, 0x000000070cb00000| Untracked 
| 174|0x000000070cc00000, 0x000000070cc00000, 0x000000070cd00000|  0%| F|  |TAMS 0x000000070cc00000, 0x000000070cc00000| Untracked 
| 175|0x000000070cd00000, 0x000000070cd00000, 0x000000070ce00000|  0%| F|  |TAMS 0x000000070cd00000, 0x000000070cd00000| Untracked 
| 176|0x000000070ce00000, 0x000000070ce00000, 0x000000070cf00000|  0%| F|  |TAMS 0x000000070ce00000, 0x000000070ce00000| Untracked 
| 177|0x000000070cf00000, 0x000000070cf00000, 0x000000070d000000|  0%| F|  |TAMS 0x000000070cf00000, 0x000000070cf00000| Untracked 
| 178|0x000000070d000000, 0x000000070d000000, 0x000000070d100000|  0%| F|  |TAMS 0x000000070d000000, 0x000000070d000000| Untracked 
| 179|0x000000070d100000, 0x000000070d100000, 0x000000070d200000|  0%| F|  |TAMS 0x000000070d100000, 0x000000070d100000| Untracked 
| 180|0x000000070d200000, 0x000000070d200000, 0x000000070d300000|  0%| F|  |TAMS 0x000000070d200000, 0x000000070d200000| Untracked 
| 181|0x000000070d300000, 0x000000070d300000, 0x000000070d400000|  0%| F|  |TAMS 0x000000070d300000, 0x000000070d300000| Untracked 
| 182|0x000000070d400000, 0x000000070d400000, 0x000000070d500000|  0%| F|  |TAMS 0x000000070d400000, 0x000000070d400000| Untracked 
| 183|0x000000070d500000, 0x000000070d500000, 0x000000070d600000|  0%| F|  |TAMS 0x000000070d500000, 0x000000070d500000| Untracked 
| 184|0x000000070d600000, 0x000000070d600000, 0x000000070d700000|  0%| F|  |TAMS 0x000000070d600000, 0x000000070d600000| Untracked 
| 185|0x000000070d700000, 0x000000070d700000, 0x000000070d800000|  0%| F|  |TAMS 0x000000070d700000, 0x000000070d700000| Untracked 
| 186|0x000000070d800000, 0x000000070d800000, 0x000000070d900000|  0%| F|  |TAMS 0x000000070d800000, 0x000000070d800000| Untracked 
| 187|0x000000070d900000, 0x000000070d900000, 0x000000070da00000|  0%| F|  |TAMS 0x000000070d900000, 0x000000070d900000| Untracked 
| 188|0x000000070da00000, 0x000000070da00000, 0x000000070db00000|  0%| F|  |TAMS 0x000000070da00000, 0x000000070da00000| Untracked 
| 189|0x000000070db00000, 0x000000070db00000, 0x000000070dc00000|  0%| F|  |TAMS 0x000000070db00000, 0x000000070db00000| Untracked 
| 190|0x000000070dc00000, 0x000000070dc00000, 0x000000070dd00000|  0%| F|  |TAMS 0x000000070dc00000, 0x000000070dc00000| Untracked 
| 191|0x000000070dd00000, 0x000000070dd00000, 0x000000070de00000|  0%| F|  |TAMS 0x000000070dd00000, 0x000000070dd00000| Untracked 
| 192|0x000000070de00000, 0x000000070de00000, 0x000000070df00000|  0%| F|  |TAMS 0x000000070de00000, 0x000000070de00000| Untracked 
| 193|0x000000070df00000, 0x000000070df00000, 0x000000070e000000|  0%| F|  |TAMS 0x000000070df00000, 0x000000070df00000| Untracked 
| 194|0x000000070e000000, 0x000000070e000000, 0x000000070e100000|  0%| F|  |TAMS 0x000000070e000000, 0x000000070e000000| Untracked 
| 195|0x000000070e100000, 0x000000070e100000, 0x000000070e200000|  0%| F|  |TAMS 0x000000070e100000, 0x000000070e100000| Untracked 
| 196|0x000000070e200000, 0x000000070e200000, 0x000000070e300000|  0%| F|  |TAMS 0x000000070e200000, 0x000000070e200000| Untracked 
| 197|0x000000070e300000, 0x000000070e300000, 0x000000070e400000|  0%| F|  |TAMS 0x000000070e300000, 0x000000070e300000| Untracked 
| 198|0x000000070e400000, 0x000000070e400000, 0x000000070e500000|  0%| F|  |TAMS 0x000000070e400000, 0x000000070e400000| Untracked 
| 199|0x000000070e500000, 0x000000070e500000, 0x000000070e600000|  0%| F|  |TAMS 0x000000070e500000, 0x000000070e500000| Untracked 
| 200|0x000000070e600000, 0x000000070e600000, 0x000000070e700000|  0%| F|  |TAMS 0x000000070e600000, 0x000000070e600000| Untracked 
| 201|0x000000070e700000, 0x000000070e700000, 0x000000070e800000|  0%| F|  |TAMS 0x000000070e700000, 0x000000070e700000| Untracked 
| 202|0x000000070e800000, 0x000000070e800000, 0x000000070e900000|  0%| F|  |TAMS 0x000000070e800000, 0x000000070e800000| Untracked 
| 203|0x000000070e900000, 0x000000070e900000, 0x000000070ea00000|  0%| F|  |TAMS 0x000000070e900000, 0x000000070e900000| Untracked 
| 204|0x000000070ea00000, 0x000000070ea00000, 0x000000070eb00000|  0%| F|  |TAMS 0x000000070ea00000, 0x000000070ea00000| Untracked 
| 205|0x000000070eb00000, 0x000000070eb00000, 0x000000070ec00000|  0%| F|  |TAMS 0x000000070eb00000, 0x000000070eb00000| Untracked 
| 206|0x000000070ec00000, 0x000000070ec00000, 0x000000070ed00000|  0%| F|  |TAMS 0x000000070ec00000, 0x000000070ec00000| Untracked 
| 207|0x000000070ed00000, 0x000000070ed00000, 0x000000070ee00000|  0%| F|  |TAMS 0x000000070ed00000, 0x000000070ed00000| Untracked 
| 208|0x000000070ee00000, 0x000000070ee00000, 0x000000070ef00000|  0%| F|  |TAMS 0x000000070ee00000, 0x000000070ee00000| Untracked 
| 209|0x000000070ef00000, 0x000000070ef00000, 0x000000070f000000|  0%| F|  |TAMS 0x000000070ef00000, 0x000000070ef00000| Untracked 
| 210|0x000000070f000000, 0x000000070f000000, 0x000000070f100000|  0%| F|  |TAMS 0x000000070f000000, 0x000000070f000000| Untracked 
| 211|0x000000070f100000, 0x000000070f100000, 0x000000070f200000|  0%| F|  |TAMS 0x000000070f100000, 0x000000070f100000| Untracked 
| 212|0x000000070f200000, 0x000000070f200000, 0x000000070f300000|  0%| F|  |TAMS 0x000000070f200000, 0x000000070f200000| Untracked 
| 213|0x000000070f300000, 0x000000070f300000, 0x000000070f400000|  0%| F|  |TAMS 0x000000070f300000, 0x000000070f300000| Untracked 
| 214|0x000000070f400000, 0x000000070f400000, 0x000000070f500000|  0%| F|  |TAMS 0x000000070f400000, 0x000000070f400000| Untracked 
| 215|0x000000070f500000, 0x000000070f500000, 0x000000070f600000|  0%| F|  |TAMS 0x000000070f500000, 0x000000070f500000| Untracked 
| 216|0x000000070f600000, 0x000000070f600000, 0x000000070f700000|  0%| F|  |TAMS 0x000000070f600000, 0x000000070f600000| Untracked 
| 217|0x000000070f700000, 0x000000070f700000, 0x000000070f800000|  0%| F|  |TAMS 0x000000070f700000, 0x000000070f700000| Untracked 
| 218|0x000000070f800000, 0x000000070f800000, 0x000000070f900000|  0%| F|  |TAMS 0x000000070f800000, 0x000000070f800000| Untracked 
| 219|0x000000070f900000, 0x000000070f900000, 0x000000070fa00000|  0%| F|  |TAMS 0x000000070f900000, 0x000000070f900000| Untracked 
| 220|0x000000070fa00000, 0x000000070fa00000, 0x000000070fb00000|  0%| F|  |TAMS 0x000000070fa00000, 0x000000070fa00000| Untracked 
| 221|0x000000070fb00000, 0x000000070fb00000, 0x000000070fc00000|  0%| F|  |TAMS 0x000000070fb00000, 0x000000070fb00000| Untracked 
| 222|0x000000070fc00000, 0x000000070fc00000, 0x000000070fd00000|  0%| F|  |TAMS 0x000000070fc00000, 0x000000070fc00000| Untracked 
| 223|0x000000070fd00000, 0x000000070fd00000, 0x000000070fe00000|  0%| F|  |TAMS 0x000000070fd00000, 0x000000070fd00000| Untracked 
| 224|0x000000070fe00000, 0x000000070fe00000, 0x000000070ff00000|  0%| F|  |TAMS 0x000000070fe00000, 0x000000070fe00000| Untracked 
| 225|0x000000070ff00000, 0x000000070ff00000, 0x0000000710000000|  0%| F|  |TAMS 0x000000070ff00000, 0x000000070ff00000| Untracked 
| 226|0x0000000710000000, 0x0000000710000000, 0x0000000710100000|  0%| F|  |TAMS 0x0000000710000000, 0x0000000710000000| Untracked 
| 227|0x0000000710100000, 0x0000000710100000, 0x0000000710200000|  0%| F|  |TAMS 0x0000000710100000, 0x0000000710100000| Untracked 
| 228|0x0000000710200000, 0x0000000710200000, 0x0000000710300000|  0%| F|  |TAMS 0x0000000710200000, 0x0000000710200000| Untracked 
| 229|0x0000000710300000, 0x0000000710300000, 0x0000000710400000|  0%| F|  |TAMS 0x0000000710300000, 0x0000000710300000| Untracked 
| 230|0x0000000710400000, 0x0000000710400000, 0x0000000710500000|  0%| F|  |TAMS 0x0000000710400000, 0x0000000710400000| Untracked 
| 231|0x0000000710500000, 0x0000000710500000, 0x0000000710600000|  0%| F|  |TAMS 0x0000000710500000, 0x0000000710500000| Untracked 
| 232|0x0000000710600000, 0x0000000710600000, 0x0000000710700000|  0%| F|  |TAMS 0x0000000710600000, 0x0000000710600000| Untracked 
| 233|0x0000000710700000, 0x0000000710700000, 0x0000000710800000|  0%| F|  |TAMS 0x0000000710700000, 0x0000000710700000| Untracked 
| 234|0x0000000710800000, 0x0000000710800000, 0x0000000710900000|  0%| F|  |TAMS 0x0000000710800000, 0x0000000710800000| Untracked 
| 235|0x0000000710900000, 0x0000000710900000, 0x0000000710a00000|  0%| F|  |TAMS 0x0000000710900000, 0x0000000710900000| Untracked 
| 236|0x0000000710a00000, 0x0000000710a00000, 0x0000000710b00000|  0%| F|  |TAMS 0x0000000710a00000, 0x0000000710a00000| Untracked 
| 237|0x0000000710b00000, 0x0000000710b00000, 0x0000000710c00000|  0%| F|  |TAMS 0x0000000710b00000, 0x0000000710b00000| Untracked 
| 238|0x0000000710c00000, 0x0000000710c00000, 0x0000000710d00000|  0%| F|  |TAMS 0x0000000710c00000, 0x0000000710c00000| Untracked 
| 239|0x0000000710d00000, 0x0000000710d00000, 0x0000000710e00000|  0%| F|  |TAMS 0x0000000710d00000, 0x0000000710d00000| Untracked 
| 240|0x0000000710e00000, 0x0000000710e00000, 0x0000000710f00000|  0%| F|  |TAMS 0x0000000710e00000, 0x0000000710e00000| Untracked 
| 241|0x0000000710f00000, 0x0000000710f00000, 0x0000000711000000|  0%| F|  |TAMS 0x0000000710f00000, 0x0000000710f00000| Untracked 
| 242|0x0000000711000000, 0x0000000711000000, 0x0000000711100000|  0%| F|  |TAMS 0x0000000711000000, 0x0000000711000000| Untracked 
| 243|0x0000000711100000, 0x0000000711100000, 0x0000000711200000|  0%| F|  |TAMS 0x0000000711100000, 0x0000000711100000| Untracked 
| 244|0x0000000711200000, 0x0000000711200000, 0x0000000711300000|  0%| F|  |TAMS 0x0000000711200000, 0x0000000711200000| Untracked 
| 245|0x0000000711300000, 0x0000000711300000, 0x0000000711400000|  0%| F|  |TAMS 0x0000000711300000, 0x0000000711300000| Untracked 
| 246|0x0000000711400000, 0x0000000711400000, 0x0000000711500000|  0%| F|  |TAMS 0x0000000711400000, 0x0000000711400000| Untracked 
| 247|0x0000000711500000, 0x0000000711500000, 0x0000000711600000|  0%| F|  |TAMS 0x0000000711500000, 0x0000000711500000| Untracked 
| 248|0x0000000711600000, 0x0000000711600000, 0x0000000711700000|  0%| F|  |TAMS 0x0000000711600000, 0x0000000711600000| Untracked 
| 249|0x0000000711700000, 0x0000000711700000, 0x0000000711800000|  0%| F|  |TAMS 0x0000000711700000, 0x0000000711700000| Untracked 
| 250|0x0000000711800000, 0x0000000711800000, 0x0000000711900000|  0%| F|  |TAMS 0x0000000711800000, 0x0000000711800000| Untracked 
| 251|0x0000000711900000, 0x0000000711900000, 0x0000000711a00000|  0%| F|  |TAMS 0x0000000711900000, 0x0000000711900000| Untracked 
| 252|0x0000000711a00000, 0x0000000711a00000, 0x0000000711b00000|  0%| F|  |TAMS 0x0000000711a00000, 0x0000000711a00000| Untracked 
| 253|0x0000000711b00000, 0x0000000711b00000, 0x0000000711c00000|  0%| F|  |TAMS 0x0000000711b00000, 0x0000000711b00000| Untracked 
| 254|0x0000000711c00000, 0x0000000711c00000, 0x0000000711d00000|  0%| F|  |TAMS 0x0000000711c00000, 0x0000000711c00000| Untracked 
| 255|0x0000000711d00000, 0x0000000711d00000, 0x0000000711e00000|  0%| F|  |TAMS 0x0000000711d00000, 0x0000000711d00000| Untracked 

Card table byte_map: [0x00000183f11f0000,0x00000183f19f0000] _byte_map_base: 0x00000183ed9e1000

Marking Bits (Prev, Next): (CMBitMap*) 0x00000183dd9f2978, (CMBitMap*) 0x00000183dd9f29b0
 Prev Bits: [0x00000183f21f0000, 0x00000183f6178000)
 Next Bits: [0x00000183f6180000, 0x00000183fa108000)

Polling page: 0x00000183db8d0000

Metaspace:

Usage:
  Non-class:     49.02 MB capacity,    48.65 MB (>99%) used,   286.07 KB ( <1%) free+waste,    90.44 KB ( <1%) overhead. 
      Class:      6.70 MB capacity,     6.40 MB ( 96%) used,   261.17 KB (  4%) free+waste,    41.38 KB ( <1%) overhead. 
       Both:     55.72 MB capacity,    55.06 MB ( 99%) used,   547.24 KB ( <1%) free+waste,   131.81 KB ( <1%) overhead. 

Virtual space:
  Non-class space:       50.00 MB reserved,      49.25 MB ( 99%) committed 
      Class space:        1.00 GB reserved,       6.80 MB ( <1%) committed 
             Both:        1.05 GB reserved,      56.05 MB (  5%) committed 

Chunk freelists:
   Non-Class:  41.00 KB
       Class:  22.00 KB
        Both:  63.00 KB

MaxMetaspaceSize: 17179869184.00 GB
CompressedClassSpaceSize: 1.00 GB
Initial GC threshold: 20.80 MB
Current GC threshold: 58.83 MB
CDS: off

CodeHeap 'non-profiled nmethods': size=120000Kb used=2336Kb max_used=2336Kb free=117663Kb
 bounds [0x00000183e8f70000, 0x00000183e91e0000, 0x00000183f04a0000]
CodeHeap 'profiled nmethods': size=120000Kb used=10285Kb max_used=10285Kb free=109714Kb
 bounds [0x00000183e1a40000, 0x00000183e2450000, 0x00000183e8f70000]
CodeHeap 'non-nmethods': size=5760Kb used=1289Kb max_used=1382Kb free=4470Kb
 bounds [0x00000183e14a0000, 0x00000183e1710000, 0x00000183e1a40000]
 total_blobs=5434 nmethods=4859 adapters=487
 compilation: enabled
              stopped_count=0, restarted_count=0
 full_count=0

Compilation events (20 events):
Event: 3.578 Thread 0x00000183fd7d5000 nmethod 4876 0x00000183e2443c90 code [0x00000183e2443e40, 0x00000183e2443f68]
Event: 3.579 Thread 0x00000183fd7d5000 4877       3       org.jetbrains.kotlin.types.checker.KotlinTypeRefiner$Default::isRefinementNeededForModule (8 bytes)
Event: 3.579 Thread 0x00000183fd7d5000 nmethod 4877 0x00000183e2444010 code [0x00000183e2444240, 0x00000183e24447d8]
Event: 3.579 Thread 0x00000183fd7d5000 4878       3       org.jetbrains.kotlin.load.java.AbstractAnnotationTypeQualifierResolver::extractAndMergeDefaultQualifiers (294 bytes)
Event: 3.581 Thread 0x00000183fd7d5000 nmethod 4878 0x00000183e2444a10 code [0x00000183e2444ec0, 0x00000183e2447768]
Event: 3.581 Thread 0x00000183fd7d5000 4880       3       org.jetbrains.kotlin.load.java.lazy.LazyJavaResolverContext::getDefaultTypeQualifiers (15 bytes)
Event: 3.581 Thread 0x00000183fd7d5000 nmethod 4880 0x00000183e2448490 code [0x00000183e2448660, 0x00000183e2448928]
Event: 3.581 Thread 0x00000183fd7d5000 4879       3       org.jetbrains.kotlin.load.java.typeEnhancement.SignatureParts::getEnableImprovementsInStrictMode (16 bytes)
Event: 3.581 Thread 0x00000183fd7d5000 nmethod 4879 0x00000183e2448a10 code [0x00000183e2448bc0, 0x00000183e2448d78]
Event: 3.581 Thread 0x00000183fd7d5000 4881       1       org.jetbrains.kotlin.util.OneElementArrayMap::getSize (2 bytes)
Event: 3.581 Thread 0x00000183fd7d5000 nmethod 4881 0x00000183e91b7f90 code [0x00000183e91b8140, 0x00000183e91b81f8]
Event: 3.581 Thread 0x00000183fd7d5000 4882       3       org.jetbrains.kotlin.types.TypeSubstitutor::createChainedSubstitutor (25 bytes)
Event: 3.581 Thread 0x00000183fd7d5000 nmethod 4882 0x00000183e2448e90 code [0x00000183e24490c0, 0x00000183e2449608]
Event: 3.581 Thread 0x00000183fd7d5000 4888       3       java.util.regex.Matcher::match (154 bytes)
Event: 3.582 Thread 0x00000183fd7d5000 nmethod 4888 0x00000183e2449810 code [0x00000183e2449a00, 0x00000183e2449fb8]
Event: 3.582 Thread 0x00000183fd7d5000 4889       3       org.jetbrains.kotlin.serialization.deserialization.descriptors.DeserializedClassDescriptor$DeserializedClassTypeConstructor::getDeclarationDescriptor (8 bytes)
Event: 3.582 Thread 0x00000183fd7d5000 nmethod 4889 0x00000183e244a190 code [0x00000183e244a340, 0x00000183e244a458]
Event: 3.582 Thread 0x00000183fd7d5000 4890       3       org.jetbrains.kotlin.util.AbstractModifierChecks::check (56 bytes)
Event: 3.582 Thread 0x00000183fd7d5000 nmethod 4890 0x00000183e244a510 code [0x00000183e244a7c0, 0x00000183e244b338]
Event: 3.582 Thread 0x00000183fd7d5000 4885       3       org.jetbrains.kotlin.load.java.lazy.descriptors.LazyJavaClassMemberScope::isVisibleAsFunctionInCurrentClass (270 bytes)

GC Heap History (11 events):
Event: 0.468 GC heap before
{Heap before GC invocations=0 (full 0):
 garbage-first heap   total 262144K, used 27648K [0x0000000701e00000, 0x0000000800000000)
  region size 1024K, 24 young (24576K), 0 survivors (0K)
 Metaspace       used 12184K, capacity 12286K, committed 12416K, reserved 1060864K
  class space    used 1092K, capacity 1113K, committed 1152K, reserved 1048576K
}
Event: 0.470 GC heap after
{Heap after GC invocations=1 (full 0):
 garbage-first heap   total 262144K, used 6164K [0x0000000701e00000, 0x0000000800000000)
  region size 1024K, 3 young (3072K), 3 survivors (3072K)
 Metaspace       used 12184K, capacity 12286K, committed 12416K, reserved 1060864K
  class space    used 1092K, capacity 1113K, committed 1152K, reserved 1048576K
}
Event: 0.989 GC heap before
{Heap before GC invocations=1 (full 0):
 garbage-first heap   total 262144K, used 44052K [0x0000000701e00000, 0x0000000800000000)
  region size 1024K, 41 young (41984K), 3 survivors (3072K)
 Metaspace       used 21018K, capacity 21203K, committed 21296K, reserved 1069056K
  class space    used 2220K, capacity 2307K, committed 2352K, reserved 1048576K
}
Event: 0.998 GC heap after
{Heap after GC invocations=2 (full 0):
 garbage-first heap   total 262144K, used 9781K [0x0000000701e00000, 0x0000000800000000)
  region size 1024K, 7 young (7168K), 7 survivors (7168K)
 Metaspace       used 21018K, capacity 21203K, committed 21296K, reserved 1069056K
  class space    used 2220K, capacity 2307K, committed 2352K, reserved 1048576K
}
Event: 1.706 GC heap before
{Heap before GC invocations=3 (full 0):
 garbage-first heap   total 262144K, used 69173K [0x0000000701e00000, 0x0000000800000000)
  region size 1024K, 60 young (61440K), 7 survivors (7168K)
 Metaspace       used 33340K, capacity 33788K, committed 33840K, reserved 1079296K
  class space    used 4138K, capacity 4348K, committed 4400K, reserved 1048576K
}
Event: 1.715 GC heap after
{Heap after GC invocations=4 (full 0):
 garbage-first heap   total 262144K, used 21620K [0x0000000701e00000, 0x0000000800000000)
  region size 1024K, 8 young (8192K), 8 survivors (8192K)
 Metaspace       used 33340K, capacity 33788K, committed 33840K, reserved 1079296K
  class space    used 4138K, capacity 4348K, committed 4400K, reserved 1048576K
}
Event: 1.833 GC heap before
{Heap before GC invocations=4 (full 0):
 garbage-first heap   total 262144K, used 31860K [0x0000000701e00000, 0x0000000800000000)
  region size 1024K, 19 young (19456K), 8 survivors (8192K)
 Metaspace       used 35261K, capacity 35719K, committed 35888K, reserved 1081344K
  class space    used 4343K, capacity 4544K, committed 4656K, reserved 1048576K
}
Event: 1.842 GC heap after
{Heap after GC invocations=5 (full 0):
 garbage-first heap   total 262144K, used 23900K [0x0000000701e00000, 0x0000000800000000)
  region size 1024K, 7 young (7168K), 7 survivors (7168K)
 Metaspace       used 35261K, capacity 35719K, committed 35888K, reserved 1081344K
  class space    used 4343K, capacity 4544K, committed 4656K, reserved 1048576K
}
Event: 2.451 GC heap before
{Heap before GC invocations=6 (full 0):
 garbage-first heap   total 262144K, used 68956K [0x0000000701e00000, 0x0000000800000000)
  region size 1024K, 51 young (52224K), 7 survivors (7168K)
 Metaspace       used 44502K, capacity 45070K, committed 45232K, reserved 1089536K
  class space    used 5241K, capacity 5476K, committed 5552K, reserved 1048576K
}
Event: 2.457 GC heap after
{Heap after GC invocations=7 (full 0):
 garbage-first heap   total 262144K, used 25463K [0x0000000701e00000, 0x0000000800000000)
  region size 1024K, 6 young (6144K), 6 survivors (6144K)
 Metaspace       used 44502K, capacity 45070K, committed 45232K, reserved 1089536K
  class space    used 5241K, capacity 5476K, committed 5552K, reserved 1048576K
}
Event: 3.583 GC heap before
{Heap before GC invocations=7 (full 0):
 garbage-first heap   total 262144K, used 121719K [0x0000000701e00000, 0x0000000800000000)
  region size 1024K, 97 young (99328K), 6 survivors (6144K)
 Metaspace       used 56377K, capacity 57057K, committed 57392K, reserved 1099776K
  class space    used 6555K, capacity 6858K, committed 6960K, reserved 1048576K
}

Deoptimization events (20 events):
Event: 3.139 Thread 0x00000183dd98d800 Uncommon trap: trap_request=0xffffff4d fr.pc=0x00000183e90c9614 relative=0x0000000000000074
Event: 3.139 Thread 0x00000183dd98d800 Uncommon trap: reason=unstable_if action=reinterpret pc=0x00000183e90c9614 method=org.jetbrains.kotlin.parsing.AbstractKotlinParsing.tokenMatches(Lorg/jetbrains/kotlin/com/intellij/psi/tree/IElementType;Lorg/jetbrains/kotlin/com/intellij/psi/tree/IElement
Event: 3.139 Thread 0x00000183dd98d800 DEOPT PACKING pc=0x00000183e90c9614 sp=0x0000002f5a6fb810
Event: 3.139 Thread 0x00000183dd98d800 DEOPT UNPACKING pc=0x00000183e14ea1af sp=0x0000002f5a6fb790 mode 2
Event: 3.174 Thread 0x00000183dd98d800 DEOPT PACKING pc=0x00000183e1fbf0ff sp=0x0000002f5a6fd380
Event: 3.174 Thread 0x00000183dd98d800 DEOPT UNPACKING pc=0x00000183e14ea95e sp=0x0000002f5a6fc7d0 mode 0
Event: 3.238 Thread 0x00000183dd98d800 DEOPT PACKING pc=0x00000183e1fbf0ff sp=0x0000002f5a6fc360
Event: 3.238 Thread 0x00000183dd98d800 DEOPT UNPACKING pc=0x00000183e14ea95e sp=0x0000002f5a6fb7b0 mode 0
Event: 3.238 Thread 0x00000183dd98d800 DEOPT PACKING pc=0x00000183e226fee7 sp=0x0000002f5a6fc350
Event: 3.238 Thread 0x00000183dd98d800 DEOPT UNPACKING pc=0x00000183e14ea95e sp=0x0000002f5a6fb800 mode 0
Event: 3.254 Thread 0x00000183dd98d800 Uncommon trap: trap_request=0xffffff4d fr.pc=0x00000183e9129800 relative=0x00000000000039c0
Event: 3.254 Thread 0x00000183dd98d800 Uncommon trap: reason=unstable_if action=reinterpret pc=0x00000183e9129800 method=org.jetbrains.org.objectweb.asm.ClassReader.readMethod(Lorg/jetbrains/org/objectweb/asm/ClassVisitor;Lorg/jetbrains/org/objectweb/asm/Context;I)I @ 316 c2
Event: 3.254 Thread 0x00000183dd98d800 DEOPT PACKING pc=0x00000183e9129800 sp=0x0000002f5a6fb140
Event: 3.254 Thread 0x00000183dd98d800 DEOPT UNPACKING pc=0x00000183e14ea1af sp=0x0000002f5a6fb0c8 mode 2
Event: 3.266 Thread 0x00000183dd98d800 Uncommon trap: trap_request=0xffffff4d fr.pc=0x00000183e9148260 relative=0x0000000000000220
Event: 3.266 Thread 0x00000183dd98d800 Uncommon trap: reason=unstable_if action=reinterpret pc=0x00000183e9148260 method=org.jetbrains.kotlin.name.Name.hashCode()I @ 16 c2
Event: 3.266 Thread 0x00000183dd98d800 DEOPT PACKING pc=0x00000183e9148260 sp=0x0000002f5a6fd800
Event: 3.266 Thread 0x00000183dd98d800 DEOPT UNPACKING pc=0x00000183e14ea1af sp=0x0000002f5a6fd798 mode 2
Event: 3.527 Thread 0x00000183dd98d800 DEOPT PACKING pc=0x00000183e1fbf0ff sp=0x0000002f5a6fa920
Event: 3.527 Thread 0x00000183dd98d800 DEOPT UNPACKING pc=0x00000183e14ea95e sp=0x0000002f5a6f9d70 mode 0

Classes redefined (0 events):
No events

Internal exceptions (20 events):
Event: 1.079 Thread 0x00000183dd98d800 Exception <a 'java/lang/NoSuchMethodError'{0x00000007117774b0}: 'void java.lang.invoke.DirectMethodHandle$Holder.invokeSpecial(java.lang.Object, java.lang.Object)'> (0x00000007117774b0) thrown at [./src/hotspot/share/interpreter/linkResolver.cpp, line 773]
Event: 1.203 Thread 0x00000183dd98d800 Exception <a 'java/lang/NoSuchMethodError'{0x0000000710e14cc8}: 'java.lang.Object java.lang.invoke.DirectMethodHandle$Holder.invokeStatic(java.lang.Object, java.lang.Object, java.lang.Object, java.lang.Object, java.lang.Object, java.lang.Object, java.lang.Object, java.lang.Object, java.lang.Object, java.lang.Object, java.lang.Object, java.lang.Object, java.lang.Object, java.lang.Object, java.lang.Object)'> (0x0000000710e14cc8) thrown at [./src/hotspot/share/interpreter/linkResolver.cpp, line 773]
Event: 1.204 Thread 0x00000183dd98d800 Exception <a 'java/lang/NoSuchMethodError'{0x0000000710e22cd0}: 'java.lang.Object java.lang.invoke.DirectMethodHandle$Holder.invokeStatic(java.lang.Object, java.lang.Object, java.lang.Object, java.lang.Object, java.lang.Object, java.lang.Object, java.lang.Object, java.lang.Object, java.lang.Object, java.lang.Object, java.lang.Object, java.lang.Object, java.lang.Object, java.lang.Object, java.lang.Object, java.lang.Object)'> (0x0000000710e22cd0) thrown at [./src/hotspot/share/interpreter/linkResolver.cpp, l
Event: 1.205 Thread 0x00000183dd98d800 Exception <a 'java/lang/NoSuchMethodError'{0x0000000710e30be8}: 'java.lang.Object java.lang.invoke.DirectMethodHandle$Holder.invokeSpecial(java.lang.Object, java.lang.Object, int, int, java.lang.Object, java.lang.Object, java.lang.Object)'> (0x0000000710e30be8) thrown at [./src/hotspot/share/interpreter/linkResolver.cpp, line 773]
Event: 1.205 Thread 0x00000183dd98d800 Exception <a 'java/lang/NoSuchMethodError'{0x0000000710e34420}: 'java.lang.Object java.lang.invoke.DelegatingMethodHandle$Holder.reinvoke_L(java.lang.Object, int, int, java.lang.Object, java.lang.Object, java.lang.Object)'> (0x0000000710e34420) thrown at [./src/hotspot/share/interpreter/linkResolver.cpp, line 773]
Event: 1.205 Thread 0x00000183dd98d800 Exception <a 'java/lang/NoSuchMethodError'{0x0000000710e387a8}: 'java.lang.Object java.lang.invoke.DirectMethodHandle$Holder.invokeStatic(java.lang.Object, java.lang.Object, java.lang.Object, java.lang.Object, int)'> (0x0000000710e387a8) thrown at [./src/hotspot/share/interpreter/linkResolver.cpp, line 773]
Event: 1.235 Thread 0x00000183dd98d800 Exception <a 'java/lang/NoSuchMethodError'{0x0000000710d5d3b8}: 'void java.lang.invoke.DirectMethodHandle$Holder.invokeStatic(java.lang.Object, java.lang.Object, java.lang.Object, java.lang.Object)'> (0x0000000710d5d3b8) thrown at [./src/hotspot/share/interpreter/linkResolver.cpp, line 773]
Event: 1.282 Thread 0x00000183dd98d800 Exception <a 'java/lang/NoSuchMethodError'{0x000000071093e9b8}: 'void java.lang.invoke.DirectMethodHandle$Holder.invokeStaticInit(java.lang.Object, java.lang.Object)'> (0x000000071093e9b8) thrown at [./src/hotspot/share/interpreter/linkResolver.cpp, line 773]
Event: 1.342 Thread 0x00000183dd98d800 Exception <a 'java/lang/NoSuchMethodError'{0x00000007105ce588}: 'void java.lang.invoke.DirectMethodHandle$Holder.invokeVirtual(java.lang.Object, java.lang.Object)'> (0x00000007105ce588) thrown at [./src/hotspot/share/interpreter/linkResolver.cpp, line 773]
Event: 1.349 Thread 0x00000183dd98d800 Exception <a 'java/lang/NoSuchMethodError'{0x0000000710456818}: 'int java.lang.invoke.DirectMethodHandle$Holder.invokeVirtual(java.lang.Object, java.lang.Object)'> (0x0000000710456818) thrown at [./src/hotspot/share/interpreter/linkResolver.cpp, line 773]
Event: 1.827 Thread 0x00000183dd98d800 Exception <a 'java/lang/NoSuchMethodError'{0x00000007114a4e50}: 'java.lang.Object java.lang.invoke.DirectMethodHandle$Holder.invokeVirtual(java.lang.Object, java.lang.Object, java.lang.Object)'> (0x00000007114a4e50) thrown at [./src/hotspot/share/interpreter/linkResolver.cpp, line 773]
Event: 2.370 Thread 0x00000183dd98d800 Exception <a 'java/lang/NoSuchMethodError'{0x000000070edbd0b0}: 'java.lang.Object java.lang.invoke.Invokers$Holder.linkToTargetMethod(java.lang.Object, int, java.lang.Object)'> (0x000000070edbd0b0) thrown at [./src/hotspot/share/interpreter/linkResolver.cpp, line 773]
Event: 2.462 Thread 0x00000183dd98d800 Exception <a 'java/lang/NoSuchMethodError'{0x0000000711d33080}: 'java.lang.Object java.lang.invoke.DirectMethodHandle$Holder.invokeStatic(java.lang.Object, java.lang.Object, java.lang.Object, int)'> (0x0000000711d33080) thrown at [./src/hotspot/share/interpreter/linkResolver.cpp, line 773]
Event: 2.463 Thread 0x00000183dd98d800 Exception <a 'java/lang/NoSuchMethodError'{0x0000000711d36cf0}: 'java.lang.Object java.lang.invoke.DirectMethodHandle$Holder.invokeSpecial(java.lang.Object, java.lang.Object, java.lang.Object, java.lang.Object, int)'> (0x0000000711d36cf0) thrown at [./src/hotspot/share/interpreter/linkResolver.cpp, line 773]
Event: 2.463 Thread 0x00000183dd98d800 Exception <a 'java/lang/NoSuchMethodError'{0x0000000711d3a000}: 'java.lang.Object java.lang.invoke.Invokers$Holder.linkToTargetMethod(java.lang.Object, java.lang.Object, int, java.lang.Object)'> (0x0000000711d3a000) thrown at [./src/hotspot/share/interpreter/linkResolver.cpp, line 773]
Event: 2.998 Thread 0x00000183dd98d800 Exception <a 'java/lang/NoSuchMethodError'{0x000000070ebe66e8}: 'java.lang.Object java.lang.invoke.DirectMethodHandle$Holder.invokeSpecial(java.lang.Object, java.lang.Object, java.lang.Object, java.lang.Object, java.lang.Object, java.lang.Object, java.lang.Object, java.lang.Object, java.lang.Object)'> (0x000000070ebe66e8) thrown at [./src/hotspot/share/interpreter/linkResolver.cpp, line 773]
Event: 2.998 Thread 0x00000183dd98d800 Exception <a 'java/lang/NoSuchMethodError'{0x000000070ebea8e0}: 'java.lang.Object java.lang.invoke.Invokers$Holder.linkToTargetMethod(java.lang.Object, java.lang.Object, java.lang.Object, java.lang.Object, java.lang.Object, java.lang.Object, java.lang.Object, java.lang.Object)'> (0x000000070ebea8e0) thrown at [./src/hotspot/share/interpreter/linkResolver.cpp, line 773]
Event: 3.383 Thread 0x00000183dd98d800 Exception <a 'java/lang/NoSuchMethodError'{0x000000070c784f60}: 'java.lang.Object java.lang.invoke.DirectMethodHandle$Holder.invokeSpecial(java.lang.Object, java.lang.Object, java.lang.Object, java.lang.Object, java.lang.Object, int)'> (0x000000070c784f60) thrown at [./src/hotspot/share/interpreter/linkResolver.cpp, line 773]
Event: 3.383 Thread 0x00000183dd98d800 Exception <a 'java/lang/NoSuchMethodError'{0x000000070c788b00}: 'java.lang.Object java.lang.invoke.Invokers$Holder.linkToTargetMethod(java.lang.Object, java.lang.Object, java.lang.Object, int, java.lang.Object)'> (0x000000070c788b00) thrown at [./src/hotspot/share/interpreter/linkResolver.cpp, line 773]
Event: 3.551 Thread 0x00000183dd98d800 Exception <a 'java/lang/NoSuchMethodError'{0x000000070be5af98}: 'java.lang.Object java.lang.invoke.DirectMethodHandle$Holder.invokeStaticInit(java.lang.Object, java.lang.Object, java.lang.Object)'> (0x000000070be5af98) thrown at [./src/hotspot/share/interpreter/linkResolver.cpp, line 773]

Events (20 events):
Event: 3.564 loading class kotlin/sequences/DropSequence$iterator$1 done
Event: 3.565 loading class org/jetbrains/kotlin/load/java/ErasedOverridabilityCondition$isOverridable$signatureTypes$1
Event: 3.565 loading class org/jetbrains/kotlin/load/java/ErasedOverridabilityCondition$isOverridable$signatureTypes$1 done
Event: 3.566 loading class org/jetbrains/kotlin/load/java/ErasedOverridabilityCondition$WhenMappings
Event: 3.566 loading class org/jetbrains/kotlin/load/java/ErasedOverridabilityCondition$WhenMappings done
Event: 3.567 loading class org/jetbrains/kotlin/util/OneElementArrayMap$iterator$1
Event: 3.567 loading class org/jetbrains/kotlin/util/OneElementArrayMap$iterator$1 done
Event: 3.569 loading class org/jetbrains/kotlin/descriptors/impl/FunctionDescriptorImpl$1
Event: 3.569 loading class org/jetbrains/kotlin/descriptors/impl/FunctionDescriptorImpl$1 done
Event: 3.573 Executing VM operation: ICBufferFull
Event: 3.573 Executing VM operation: ICBufferFull done
Event: 3.574 loading class org/jetbrains/kotlin/builtins/KotlinBuiltIns$Primitives
Event: 3.574 loading class org/jetbrains/kotlin/builtins/KotlinBuiltIns$Primitives done
Event: 3.578 loading class org/jetbrains/kotlin/load/java/components/JavaAnnotationTargetMapper
Event: 3.578 loading class org/jetbrains/kotlin/load/java/components/JavaAnnotationTargetMapper done
Event: 3.578 loading class org/jetbrains/kotlin/descriptors/annotations/KotlinRetention
Event: 3.578 loading class org/jetbrains/kotlin/descriptors/annotations/KotlinRetention done
Event: 3.579 loading class org/jetbrains/kotlin/load/java/components/JavaAnnotationTargetMapper$mapJavaTargetArguments$1
Event: 3.579 loading class org/jetbrains/kotlin/load/java/components/JavaAnnotationTargetMapper$mapJavaTargetArguments$1 done
Event: 3.583 Executing VM operation: G1CollectForAllocation


Dynamic libraries:
0x00007ff6f3cd0000 - 0x00007ff6f3cda000 	C:\Program Files\Android\Android Studio\jre\bin\java.exe
0x00007ffdd6df0000 - 0x00007ffdd6fe8000 	C:\WINDOWS\SYSTEM32\ntdll.dll
0x00007ffdd5980000 - 0x00007ffdd5a3f000 	C:\WINDOWS\System32\KERNEL32.DLL
0x00007ffdd4670000 - 0x00007ffdd4942000 	C:\WINDOWS\System32\KERNELBASE.dll
0x00007ffdd1110000 - 0x00007ffdd11a1000 	C:\WINDOWS\SYSTEM32\apphelp.dll
0x00007ffdd4950000 - 0x00007ffdd4a50000 	C:\WINDOWS\System32\ucrtbase.dll
0x00007ffdcf2e0000 - 0x00007ffdcf2f9000 	C:\Program Files\Android\Android Studio\jre\bin\jli.dll
0x00007ffdce000000 - 0x00007ffdce017000 	C:\Program Files\Android\Android Studio\jre\bin\VCRUNTIME140.dll
0x00007ffdd6120000 - 0x00007ffdd62c1000 	C:\WINDOWS\System32\USER32.dll
0x00007ffdd4e00000 - 0x00007ffdd4e22000 	C:\WINDOWS\System32\win32u.dll
0x00007ffdb6440000 - 0x00007ffdb66da000 	C:\WINDOWS\WinSxS\amd64_microsoft.windows.common-controls_6595b64144ccf1df_6.0.19041.1110_none_60b5254171f9507e\COMCTL32.dll
0x00007ffdd60f0000 - 0x00007ffdd611b000 	C:\WINDOWS\System32\GDI32.dll
0x00007ffdd5a40000 - 0x00007ffdd5ade000 	C:\WINDOWS\System32\msvcrt.dll
0x00007ffdd4b00000 - 0x00007ffdd4c0f000 	C:\WINDOWS\System32\gdi32full.dll
0x00007ffdd45d0000 - 0x00007ffdd466d000 	C:\WINDOWS\System32\msvcp_win.dll
0x00007ffdd5790000 - 0x00007ffdd57c2000 	C:\WINDOWS\System32\IMM32.DLL
0x00007ffdc1f30000 - 0x00007ffdc1fcd000 	C:\Program Files\Android\Android Studio\jre\bin\msvcp140.dll
0x00007ffd5f110000 - 0x00007ffd5fc12000 	C:\Program Files\Android\Android Studio\jre\bin\server\jvm.dll
0x00007ffdd5b40000 - 0x00007ffdd5bee000 	C:\WINDOWS\System32\ADVAPI32.dll
0x00007ffdd62d0000 - 0x00007ffdd636c000 	C:\WINDOWS\System32\sechost.dll
0x00007ffdd63f0000 - 0x00007ffdd6515000 	C:\WINDOWS\System32\RPCRT4.dll
0x00007ffdd5610000 - 0x00007ffdd5618000 	C:\WINDOWS\System32\PSAPI.DLL
0x00007ffdb9b90000 - 0x00007ffdb9bb7000 	C:\WINDOWS\SYSTEM32\WINMM.dll
0x00007ffdcd470000 - 0x00007ffdcd47a000 	C:\WINDOWS\SYSTEM32\VERSION.dll
0x00007ffdc20b0000 - 0x00007ffdc20b9000 	C:\WINDOWS\SYSTEM32\WSOCK32.dll
0x00007ffdd6080000 - 0x00007ffdd60eb000 	C:\WINDOWS\System32\WS2_32.dll
0x00007ffdd2d30000 - 0x00007ffdd2d42000 	C:\WINDOWS\SYSTEM32\kernel.appcore.dll
0x00007ffdbe990000 - 0x00007ffdbe9a1000 	C:\Program Files\Android\Android Studio\jre\bin\verify.dll
0x00007ffdd2150000 - 0x00007ffdd2334000 	C:\WINDOWS\SYSTEM32\DBGHELP.DLL
0x00007ffdbf360000 - 0x00007ffdbf395000 	C:\WINDOWS\SYSTEM32\dbgcore.DLL
0x00007ffdd4c10000 - 0x00007ffdd4c92000 	C:\WINDOWS\System32\bcryptPrimitives.dll
0x00007ffdb8180000 - 0x00007ffdb81a9000 	C:\Program Files\Android\Android Studio\jre\bin\java.dll
0x00007ffdb8170000 - 0x00007ffdb817b000 	C:\Program Files\Android\Android Studio\jre\bin\jimage.dll
0x00007ffdb7e70000 - 0x00007ffdb7e88000 	C:\Program Files\Android\Android Studio\jre\bin\zip.dll
0x00007ffdd6640000 - 0x00007ffdd6d84000 	C:\WINDOWS\System32\SHELL32.dll
0x00007ffdd2580000 - 0x00007ffdd2d12000 	C:\WINDOWS\SYSTEM32\windows.storage.dll
0x00007ffdd5bf0000 - 0x00007ffdd5f45000 	C:\WINDOWS\System32\combase.dll
0x00007ffdd3f40000 - 0x00007ffdd3f70000 	C:\WINDOWS\SYSTEM32\Wldp.dll
0x00007ffdd4ed0000 - 0x00007ffdd4f7d000 	C:\WINDOWS\System32\SHCORE.dll
0x00007ffdd5730000 - 0x00007ffdd5785000 	C:\WINDOWS\System32\shlwapi.dll
0x00007ffdd4420000 - 0x00007ffdd443f000 	C:\WINDOWS\SYSTEM32\profapi.dll
0x00007ffdb4c60000 - 0x00007ffdb4c7a000 	C:\Program Files\Android\Android Studio\jre\bin\net.dll
0x00007ffdcb250000 - 0x00007ffdcb35c000 	C:\WINDOWS\SYSTEM32\WINHTTP.dll
0x00007ffdd3ca0000 - 0x00007ffdd3d0a000 	C:\WINDOWS\system32\mswsock.dll
0x00007ffdb4b60000 - 0x00007ffdb4b74000 	C:\Program Files\Android\Android Studio\jre\bin\nio.dll

dbghelp: loaded successfully - version: 4.0.5 - missing functions: none
symbol engine: initialized successfully - sym options: 0x614 - pdb path: .;C:\Program Files\Android\Android Studio\jre\bin;C:\WINDOWS\SYSTEM32;C:\WINDOWS\WinSxS\amd64_microsoft.windows.common-controls_6595b64144ccf1df_6.0.19041.1110_none_60b5254171f9507e;C:\Program Files\Android\Android Studio\jre\bin\server

VM Arguments:
java_command: org.jetbrains.kotlin.cli.jvm.K2JVMCompiler @C:\Users\AAA\AndroidStudioProjects\TMDBApp\app\build\20221227_15418005064466957614.compiler.options
java_class_path (initial): C:\Users\AAA\.gradle\caches\modules-2\files-2.1\org.jetbrains.kotlin\kotlin-compiler-embeddable\1.7.10\909803167c98606fcf22b4c848647c68e351d48d\kotlin-compiler-embeddable-1.7.10.jar;C:\Users\AAA\.gradle\caches\modules-2\files-2.1\org.jetbrains.kotlin\kotlin-reflect\1.7.10\165e600dfea6185cf5efa700756294cc4904dbeb\kotlin-reflect-1.7.10.jar;C:\Users\AAA\.gradle\caches\modules-2\files-2.1\org.jetbrains.kotlin\kotlin-stdlib\1.7.10\d2abf9e77736acc4450dc4a3f707fa2c10f5099d\kotlin-stdlib-1.7.10.jar;C:\Users\AAA\.gradle\caches\modules-2\files-2.1\org.jetbrains.kotlin\kotlin-script-runtime\1.7.10\c99c87a6988d8fd8d5142e9ed5c9f34a7cf561ee\kotlin-script-runtime-1.7.10.jar;C:\Users\AAA\.gradle\caches\modules-2\files-2.1\org.jetbrains.kotlin\kotlin-daemon-embeddable\1.7.10\3a9f7aef7080d3ae63126cbba4f827ed664f32fa\kotlin-daemon-embeddable-1.7.10.jar;C:\Users\AAA\.gradle\caches\modules-2\files-2.1\org.jetbrains.intellij.deps\trove4j\1.0.20200330\3afb14d5f9ceb459d724e907a21145e8ff394f02\trove4j-1.0.20200330.jar;C:\Users\AAA\.gradle\caches\modules-2\files-2.1\net.java.dev.jna\jna\5.6.0\330f2244e9030119ab3030fc3fededc86713d9cc\jna-5.6.0.jar;C:\Users\AAA\.gradle\caches\modules-2\files-2.1\org.jetbrains.kotlin\kotlin-stdlib-common\1.7.10\bac80c520d0a9e3f3673bc2658c6ed02ef45a76a\kotlin-stdlib-common-1.7.10.jar;C:\Users\AAA\.gradle\caches\modules-2\files-2.1\org.jetbrains\annotations\13.0\919f0dfe192fb4e063e7dacadee7f8bb9a2672a9\annotations-13.0.jar
Launcher Type: SUN_STANDARD

[Global flags]
     intx CICompilerCount                          = 4                                         {product} {ergonomic}
     uint ConcGCThreads                            = 3                                         {product} {ergonomic}
     uint G1ConcRefinementThreads                  = 10                                        {product} {ergonomic}
   size_t G1HeapRegionSize                         = 1048576                                   {product} {ergonomic}
    uintx GCDrainStackTargetSize                   = 64                                        {product} {ergonomic}
   size_t InitialHeapSize                          = 268435456                                 {product} {ergonomic}
   size_t MarkStackSize                            = 4194304                                   {product} {ergonomic}
   size_t MaxHeapSize                              = 4263510016                                {product} {ergonomic}
   size_t MaxNewSize                               = 2557476864                                {product} {ergonomic}
   size_t MinHeapDeltaBytes                        = 1048576                                   {product} {ergonomic}
    uintx NonNMethodCodeHeapSize                   = 5836300                                {pd product} {ergonomic}
    uintx NonProfiledCodeHeapSize                  = 122910970                              {pd product} {ergonomic}
    uintx ProfiledCodeHeapSize                     = 122910970                              {pd product} {ergonomic}
    uintx ReservedCodeCacheSize                    = 251658240                              {pd product} {ergonomic}
     bool SegmentedCodeCache                       = true                                      {product} {ergonomic}
     bool UseCompressedClassPointers               = true                                 {lp64_product} {ergonomic}
     bool UseCompressedOops                        = true                                 {lp64_product} {ergonomic}
     bool UseG1GC                                  = true                                      {product} {ergonomic}
     bool UseLargePagesIndividualAllocation        = false                                  {pd product} {ergonomic}

Logging:
Log output configuration:
 #0: stdout all=warning uptime,level,tags
 #1: stderr all=off uptime,level,tags

Environment Variables:
PATH=C:\Program Files (x86)\Intel\MPI-RT\5.0.2.044\intel64\bin;C:\Program Files (x86)\Intel\Intel(R) Management Engine Components\iCLS\;C:\Program Files\Intel\Intel(R) Management Engine Components\iCLS\;C:\Windows\system32;C:\Windows;C:\Windows\System32\Wbem;C:\Windows\System32\WindowsPowerShell\v1.0\;C:\Program Files (x86)\Intel\Intel(R) Management Engine Components\DAL;C:\Program Files\Intel\Intel(R) Management Engine Components\DAL;C:\Program Files (x86)\Intel\Intel(R) Management Engine Components\IPT;C:\Program Files\Intel\Intel(R) Management Engine Components\IPT;C:\Program Files (x86)\NVIDIA Corporation\PhysX\Common;C:\WINDOWS\system32;C:\WINDOWS;C:\WINDOWS\System32\Wbem;C:\WINDOWS\System32\WindowsPowerShell\v1.0\;C:\WINDOWS\System32\OpenSSH\;C:\Program Files\dotnet\;C:\Program Files\Microsoft SQL Server\130\Tools\Binn\;C:\Program Files\NVIDIA Corporation\NVIDIA NvDLISR;C:\WINDOWS\system32;C:\WINDOWS;C:\WINDOWS\System32\Wbem;C:\WINDOWS\System32\WindowsPowerShell\v1.0\;C:\WINDOWS\System32\OpenSSH\;C:\Program Files\nodejs\;C:\Program Files\Git\bin\;C:\Program Files\Git\cmd\;C:\Users\AAA\anaconda3;C:\Users\AAA\anaconda3\Library\mingw-w64\bin;C:\Users\AAA\anaconda3\Library\usr\bin;C:\Users\AAA\anaconda3\Library\bin;C:\Users\AAA\anaconda3\Scripts;C:\Users\AAA\AppData\Local\Microsoft\WindowsApps;C:\Users\AAA\AppData\Local\Programs\Microsoft VS Code\bin;C:\Users\AAA\AppData\Roaming\npm;C:\Users\AAA\AppData\Local\Android\Sdk\platform-tools;
USERNAME=Yaseer
OS=Windows_NT
PROCESSOR_IDENTIFIER=Intel64 Family 6 Model 158 Stepping 10, GenuineIntel



---------------  S Y S T E M  ---------------

OS: Windows 10 , 64 bit Build 19041 (10.0.19041.2364)
OS uptime: 1 days 7:39 hours

CPU:total 12 (initial active 12) (6 cores per cpu, 2 threads per core) family 6 model 158 stepping 10 microcode 0xde, cmov, cx8, fxsr, mmx, sse, sse2, sse3, ssse3, sse4.1, sse4.2, popcnt, avx, avx2, aes, clmul, erms, 3dnowpref, lzcnt, ht, tsc, tscinvbit, bmi1, bmi2, adx, fma

Memory: 4k page, system-wide physical 16257M (2610M free)
TotalPageFile size 16257M (AvailPageFile size 25M)
current process WorkingSet (physical memory assigned to process): 324M, peak: 327M
current process commit charge ("private bytes"): 487M, peak: 541M

vm_info: OpenJDK 64-Bit Server VM (11.0.13+0-b1751.21-8125866) for windows-amd64 JRE (11.0.13+0-b1751.21-8125866), built on Feb  2 2022 03:00:22 by "builder" with MS VC++ 14.0 (VS2015)

END.
