#
# There is insufficient memory for the Java Runtime Environment to continue.
# Native memory allocation (mmap) failed to map 268435456 bytes for Failed to commit area from 0x0000000701e00000 to 0x0000000711e00000 of length 268435456.
# Possible reasons:
#   The system is out of physical RAM or swap space
#   The process is running with CompressedOops enabled, and the Java Heap may be blocking the growth of the native heap
# Possible solutions:
#   Reduce memory load on the system
#   Increase physical memory or swap space
#   Check if swap backing store is full
#   Decrease Java heap size (-Xmx/-Xms)
#   Decrease number of Java threads
#   Decrease Java thread stack sizes (-Xss)
#   Set larger code cache with -XX:ReservedCodeCacheSize=
# This output file may be truncated or incomplete.
#
#  Out of Memory Error (./src/hotspot/os/windows/os_windows.cpp:3619), pid=17928, tid=15968
#
# JRE version:  (11.0.13) (build )
# Java VM: OpenJDK 64-Bit Server VM (11.0.13+0-b1751.21-8125866, mixed mode, sharing, tiered, compressed oops, g1 gc, windows-amd64)
# No core dump will be written. Minidumps are not enabled by default on client versions of Windows
#

---------------  S U M M A R Y ------------

Command Line: org.jetbrains.kotlin.cli.jvm.K2JVMCompiler @C:\Users\AAA\AndroidStudioProjects\TMDBApp\app\build\20221227_12460469775136833939.compiler.options

Host: Intel(R) Core(TM) i7-8750H CPU @ 2.20GHz, 12 cores, 15G,  Windows 10 , 64 bit Build 19041 (10.0.19041.2364)
Time: Tue Dec 27 00:36:21 2022 Russia TZ 2 Standard Time elapsed time: 0.009178 seconds (0d 0h 0m 0s)

---------------  T H R E A D  ---------------

Current thread (0x00000223177cd800):  JavaThread "Unknown thread" [_thread_in_vm, id=15968, stack(0x0000002cd2800000,0x0000002cd2900000)]

Stack: [0x0000002cd2800000,0x0000002cd2900000]
Native frames: (J=compiled Java code, j=interpreted, Vv=VM code, C=native code)
V  [jvm.dll+0x6100fa]
V  [jvm.dll+0x747090]
V  [jvm.dll+0x7486ad]
V  [jvm.dll+0x748d83]
V  [jvm.dll+0x24ab48]
V  [jvm.dll+0x60d164]
V  [jvm.dll+0x601e75]
V  [jvm.dll+0x308bdb]
V  [jvm.dll+0x308b4a]
V  [jvm.dll+0x308a22]
V  [jvm.dll+0x30d986]
V  [jvm.dll+0x357093]
V  [jvm.dll+0x357796]
V  [jvm.dll+0x357193]
V  [jvm.dll+0x2e3448]
V  [jvm.dll+0x2e45f7]
V  [jvm.dll+0x7242e7]
V  [jvm.dll+0x725adc]
V  [jvm.dll+0x364629]
V  [jvm.dll+0x707cee]
V  [jvm.dll+0x3d2633]
V  [jvm.dll+0x3d4a21]
C  [jli.dll+0x536b]
C  [ucrtbase.dll+0x21bb2]
C  [KERNEL32.DLL+0x17614]
C  [ntdll.dll+0x526a1]


---------------  P R O C E S S  ---------------

Threads class SMR info:
_java_thread_list=0x0000022315594590, length=0, elements={
}

Java Threads: ( => current thread )

Other Threads:
  0x00000223177e7000 GCTaskThread "GC Thread#0" [stack: 0x0000002cd2900000,0x0000002cd2a00000] [id=14248]
  0x0000022317844000 ConcurrentGCThread "G1 Main Marker" [stack: 0x0000002cd2a00000,0x0000002cd2b00000] [id=11560]
  0x0000022317846800 ConcurrentGCThread "G1 Conc#0" [stack: 0x0000002cd2b00000,0x0000002cd2c00000] [id=18032]

[error occurred during error reporting (printing all threads), id 0xc0000005, EXCEPTION_ACCESS_VIOLATION (0xc0000005) at pc=0x00007ffd5f403dd7]

VM state:not at safepoint (not fully initialized)

VM Mutex/Monitor currently owned by a thread:  ([mutex/lock_event])
[0x00000223177c8580] Heap_lock - owner thread: 0x00000223177cd800

Heap address: 0x0000000701e00000, size: 4066 MB, Compressed Oops mode: Non-zero based: 0x0000000701e00000
Narrow klass base: 0x0000000000000000, Narrow klass shift: 0

GC Heap History (0 events):
No events

Deoptimization events (0 events):
No events

Classes redefined (0 events):
No events

Internal exceptions (0 events):
No events

Events (1 events):
Event: 0.006 Loaded shared library C:\Program Files\Android\Android Studio\jre\bin\zip.dll


Dynamic libraries:
0x00007ff6f3cd0000 - 0x00007ff6f3cda000 	C:\Program Files\Android\Android Studio\jre\bin\java.exe
0x00007ffdd6df0000 - 0x00007ffdd6fe8000 	C:\WINDOWS\SYSTEM32\ntdll.dll
0x00007ffdd5980000 - 0x00007ffdd5a3f000 	C:\WINDOWS\System32\KERNEL32.DLL
0x00007ffdd4670000 - 0x00007ffdd4942000 	C:\WINDOWS\System32\KERNELBASE.dll
0x00007ffdd1110000 - 0x00007ffdd11a1000 	C:\WINDOWS\SYSTEM32\apphelp.dll
0x00007ffdd4950000 - 0x00007ffdd4a50000 	C:\WINDOWS\System32\ucrtbase.dll
0x00007ffdcf2e0000 - 0x00007ffdcf2f9000 	C:\Program Files\Android\Android Studio\jre\bin\jli.dll
0x00007ffdce000000 - 0x00007ffdce017000 	C:\Program Files\Android\Android Studio\jre\bin\VCRUNTIME140.dll
0x00007ffdd6120000 - 0x00007ffdd62c1000 	C:\WINDOWS\System32\USER32.dll
0x00007ffdd4e00000 - 0x00007ffdd4e22000 	C:\WINDOWS\System32\win32u.dll
0x00007ffdb6440000 - 0x00007ffdb66da000 	C:\WINDOWS\WinSxS\amd64_microsoft.windows.common-controls_6595b64144ccf1df_6.0.19041.1110_none_60b5254171f9507e\COMCTL32.dll
0x00007ffdd60f0000 - 0x00007ffdd611b000 	C:\WINDOWS\System32\GDI32.dll
0x00007ffdd5a40000 - 0x00007ffdd5ade000 	C:\WINDOWS\System32\msvcrt.dll
0x00007ffdd4b00000 - 0x00007ffdd4c0f000 	C:\WINDOWS\System32\gdi32full.dll
0x00007ffdd45d0000 - 0x00007ffdd466d000 	C:\WINDOWS\System32\msvcp_win.dll
0x00007ffdd5790000 - 0x00007ffdd57c2000 	C:\WINDOWS\System32\IMM32.DLL
0x00007ffdc1f30000 - 0x00007ffdc1fcd000 	C:\Program Files\Android\Android Studio\jre\bin\msvcp140.dll
0x00007ffd5f110000 - 0x00007ffd5fc12000 	C:\Program Files\Android\Android Studio\jre\bin\server\jvm.dll
0x00007ffdd5b40000 - 0x00007ffdd5bee000 	C:\WINDOWS\System32\ADVAPI32.dll
0x00007ffdd62d0000 - 0x00007ffdd636c000 	C:\WINDOWS\System32\sechost.dll
0x00007ffdd63f0000 - 0x00007ffdd6515000 	C:\WINDOWS\System32\RPCRT4.dll
0x00007ffdd5610000 - 0x00007ffdd5618000 	C:\WINDOWS\System32\PSAPI.DLL
0x00007ffdb9b90000 - 0x00007ffdb9bb7000 	C:\WINDOWS\SYSTEM32\WINMM.dll
0x00007ffdc20b0000 - 0x00007ffdc20b9000 	C:\WINDOWS\SYSTEM32\WSOCK32.dll
0x00007ffdcd470000 - 0x00007ffdcd47a000 	C:\WINDOWS\SYSTEM32\VERSION.dll
0x00007ffdd6080000 - 0x00007ffdd60eb000 	C:\WINDOWS\System32\WS2_32.dll
0x00007ffdd2d30000 - 0x00007ffdd2d42000 	C:\WINDOWS\SYSTEM32\kernel.appcore.dll
0x00007ffdbe990000 - 0x00007ffdbe9a1000 	C:\Program Files\Android\Android Studio\jre\bin\verify.dll
0x00007ffdd2150000 - 0x00007ffdd2334000 	C:\WINDOWS\SYSTEM32\DBGHELP.DLL
0x00007ffdbf360000 - 0x00007ffdbf395000 	C:\WINDOWS\SYSTEM32\dbgcore.DLL
0x00007ffdd4c10000 - 0x00007ffdd4c92000 	C:\WINDOWS\System32\bcryptPrimitives.dll
0x00007ffdb8180000 - 0x00007ffdb81a9000 	C:\Program Files\Android\Android Studio\jre\bin\java.dll
0x00007ffdb8170000 - 0x00007ffdb817b000 	C:\Program Files\Android\Android Studio\jre\bin\jimage.dll
0x00007ffdb7e70000 - 0x00007ffdb7e88000 	C:\Program Files\Android\Android Studio\jre\bin\zip.dll

dbghelp: loaded successfully - version: 4.0.5 - missing functions: none
symbol engine: initialized successfully - sym options: 0x614 - pdb path: .;C:\Program Files\Android\Android Studio\jre\bin;C:\WINDOWS\SYSTEM32;C:\WINDOWS\WinSxS\amd64_microsoft.windows.common-controls_6595b64144ccf1df_6.0.19041.1110_none_60b5254171f9507e;C:\Program Files\Android\Android Studio\jre\bin\server

VM Arguments:
java_command: org.jetbrains.kotlin.cli.jvm.K2JVMCompiler @C:\Users\AAA\AndroidStudioProjects\TMDBApp\app\build\20221227_12460469775136833939.compiler.options
java_class_path (initial): C:\Users\AAA\.gradle\caches\modules-2\files-2.1\org.jetbrains.kotlin\kotlin-compiler-embeddable\1.7.10\909803167c98606fcf22b4c848647c68e351d48d\kotlin-compiler-embeddable-1.7.10.jar;C:\Users\AAA\.gradle\caches\modules-2\files-2.1\org.jetbrains.kotlin\kotlin-reflect\1.7.10\165e600dfea6185cf5efa700756294cc4904dbeb\kotlin-reflect-1.7.10.jar;C:\Users\AAA\.gradle\caches\modules-2\files-2.1\org.jetbrains.kotlin\kotlin-stdlib\1.7.10\d2abf9e77736acc4450dc4a3f707fa2c10f5099d\kotlin-stdlib-1.7.10.jar;C:\Users\AAA\.gradle\caches\modules-2\files-2.1\org.jetbrains.kotlin\kotlin-script-runtime\1.7.10\c99c87a6988d8fd8d5142e9ed5c9f34a7cf561ee\kotlin-script-runtime-1.7.10.jar;C:\Users\AAA\.gradle\caches\modules-2\files-2.1\org.jetbrains.kotlin\kotlin-daemon-embeddable\1.7.10\3a9f7aef7080d3ae63126cbba4f827ed664f32fa\kotlin-daemon-embeddable-1.7.10.jar;C:\Users\AAA\.gradle\caches\modules-2\files-2.1\org.jetbrains.intellij.deps\trove4j\1.0.20200330\3afb14d5f9ceb459d724e907a21145e8ff394f02\trove4j-1.0.20200330.jar;C:\Users\AAA\.gradle\caches\modules-2\files-2.1\net.java.dev.jna\jna\5.6.0\330f2244e9030119ab3030fc3fededc86713d9cc\jna-5.6.0.jar;C:\Users\AAA\.gradle\caches\modules-2\files-2.1\org.jetbrains.kotlin\kotlin-stdlib-common\1.7.10\bac80c520d0a9e3f3673bc2658c6ed02ef45a76a\kotlin-stdlib-common-1.7.10.jar;C:\Users\AAA\.gradle\caches\modules-2\files-2.1\org.jetbrains\annotations\13.0\919f0dfe192fb4e063e7dacadee7f8bb9a2672a9\annotations-13.0.jar
Launcher Type: SUN_STANDARD

[Global flags]
     intx CICompilerCount                          = 4                                         {product} {ergonomic}
     uint ConcGCThreads                            = 3                                         {product} {ergonomic}
     uint G1ConcRefinementThreads                  = 10                                        {product} {ergonomic}
   size_t G1HeapRegionSize                         = 1048576                                   {product} {ergonomic}
    uintx GCDrainStackTargetSize                   = 64                                        {product} {ergonomic}
   size_t InitialHeapSize                          = 268435456                                 {product} {ergonomic}
   size_t MarkStackSize                            = 4194304                                   {product} {ergonomic}
   size_t MaxHeapSize                              = 4263510016                                {product} {ergonomic}
   size_t MinHeapDeltaBytes                        = 1048576                                   {product} {ergonomic}
    uintx NonNMethodCodeHeapSize                   = 5836300                                {pd product} {ergonomic}
    uintx NonProfiledCodeHeapSize                  = 122910970                              {pd product} {ergonomic}
    uintx ProfiledCodeHeapSize                     = 122910970                              {pd product} {ergonomic}
    uintx ReservedCodeCacheSize                    = 251658240                              {pd product} {ergonomic}
     bool SegmentedCodeCache                       = true                                      {product} {ergonomic}
     bool UseCompressedClassPointers               = true                                 {lp64_product} {ergonomic}
     bool UseCompressedOops                        = true                                 {lp64_product} {ergonomic}
     bool UseG1GC                                  = true                                      {product} {ergonomic}
     bool UseLargePagesIndividualAllocation        = false                                  {pd product} {ergonomic}

Logging:
Log output configuration:
 #0: stdout all=warning uptime,level,tags
 #1: stderr all=off uptime,level,tags

Environment Variables:
PATH=C:\Program Files (x86)\Intel\MPI-RT\5.0.2.044\intel64\bin;C:\Program Files (x86)\Intel\Intel(R) Management Engine Components\iCLS\;C:\Program Files\Intel\Intel(R) Management Engine Components\iCLS\;C:\Windows\system32;C:\Windows;C:\Windows\System32\Wbem;C:\Windows\System32\WindowsPowerShell\v1.0\;C:\Program Files (x86)\Intel\Intel(R) Management Engine Components\DAL;C:\Program Files\Intel\Intel(R) Management Engine Components\DAL;C:\Program Files (x86)\Intel\Intel(R) Management Engine Components\IPT;C:\Program Files\Intel\Intel(R) Management Engine Components\IPT;C:\Program Files (x86)\NVIDIA Corporation\PhysX\Common;C:\WINDOWS\system32;C:\WINDOWS;C:\WINDOWS\System32\Wbem;C:\WINDOWS\System32\WindowsPowerShell\v1.0\;C:\WINDOWS\System32\OpenSSH\;C:\Program Files\dotnet\;C:\Program Files\Microsoft SQL Server\130\Tools\Binn\;C:\Program Files\NVIDIA Corporation\NVIDIA NvDLISR;C:\WINDOWS\system32;C:\WINDOWS;C:\WINDOWS\System32\Wbem;C:\WINDOWS\System32\WindowsPowerShell\v1.0\;C:\WINDOWS\System32\OpenSSH\;C:\Program Files\nodejs\;C:\Program Files\Git\bin\;C:\Program Files\Git\cmd\;C:\Users\AAA\anaconda3;C:\Users\AAA\anaconda3\Library\mingw-w64\bin;C:\Users\AAA\anaconda3\Library\usr\bin;C:\Users\AAA\anaconda3\Library\bin;C:\Users\AAA\anaconda3\Scripts;C:\Users\AAA\AppData\Local\Microsoft\WindowsApps;C:\Users\AAA\AppData\Local\Programs\Microsoft VS Code\bin;C:\Users\AAA\AppData\Roaming\npm;C:\Users\AAA\AppData\Local\Android\Sdk\platform-tools;
USERNAME=Yaseer
OS=Windows_NT
PROCESSOR_IDENTIFIER=Intel64 Family 6 Model 158 Stepping 10, GenuineIntel



---------------  S Y S T E M  ---------------

OS: Windows 10 , 64 bit Build 19041 (10.0.19041.2364)
OS uptime: 1 days 7:42 hours

CPU:total 12 (initial active 12) (6 cores per cpu, 2 threads per core) family 6 model 158 stepping 10 microcode 0xde, cmov, cx8, fxsr, mmx, sse, sse2, sse3, ssse3, sse4.1, sse4.2, popcnt, avx, avx2, aes, clmul, erms, 3dnowpref, lzcnt, ht, tsc, tscinvbit, bmi1, bmi2, adx, fma

Memory: 4k page, system-wide physical 16257M (2958M free)
TotalPageFile size 16257M (AvailPageFile size 133M)
current process WorkingSet (physical memory assigned to process): 11M, peak: 11M
current process commit charge ("private bytes"): 65M, peak: 320M

vm_info: OpenJDK 64-Bit Server VM (11.0.13+0-b1751.21-8125866) for windows-amd64 JRE (11.0.13+0-b1751.21-8125866), built on Feb  2 2022 03:00:22 by "builder" with MS VC++ 14.0 (VS2015)

END.
